Starting WhatsApp Bridge with auto-restart...
Killing existing bridge processes...
Tue Oct 21 14:16:16 IST 2025: Starting WhatsApp bridge...
Starting WhatsApp bridge server on :8081...

Scan this QR code with your WhatsApp app:
QR code saved as qr.png
2025/10/21 14:16:45 Restarting bridge...
Tue Oct 21 14:16:46 IST 2025: WhatsApp bridge exited with code 0. Restarting in 3 seconds...
Tue Oct 21 14:16:49 IST 2025: Starting WhatsApp bridge...
Starting WhatsApp bridge server on :8081...

Scan this QR code with your WhatsApp app:
QR code saved as qr.png
2025/10/21 14:17:04 Restarting bridge...
Tue Oct 21 14:17:05 IST 2025: WhatsApp bridge exited with code 0. Restarting in 3 seconds...
Tue Oct 21 14:17:08 IST 2025: Starting WhatsApp bridge...
Starting WhatsApp bridge server on :8081...

Scan this QR code with your WhatsApp app:
QR code saved as qr.png
2025/10/21 14:17:14 Restarting bridge...
Tue Oct 21 14:17:15 IST 2025: WhatsApp bridge exited with code 0. Restarting in 3 seconds...
Tue Oct 21 14:17:18 IST 2025: Starting WhatsApp bridge...
Starting WhatsApp bridge server on :8081...

Scan this QR code with your WhatsApp app:
QR code saved as qr.png
2025/10/21 14:18:08 Restarting bridge...
Tue Oct 21 14:18:09 IST 2025: WhatsApp bridge exited with code 0. Restarting in 3 seconds...
Tue Oct 21 14:18:12 IST 2025: Starting WhatsApp bridge...
Starting WhatsApp bridge server on :8081...

Scan this QR code with your WhatsApp app:
QR code saved as qr.png

Successfully connected!
2025/10/21 14:18:24 Connected to WhatsApp
2025/10/21 14:18:25 Message from 917895759647@s.whatsapp.net: 
2025/10/21 14:18:25 Message from 917895759647@s.whatsapp.net: 
2025/10/21 14:18:25 Message from 917895759647@s.whatsapp.net: 
2025/10/21 14:18:25 Message from 917895759647@s.whatsapp.net: 
2025/10/21 14:18:25 Message from 917895759647@s.whatsapp.net: 
2025/10/21 14:18:25 Message from 917895759647@s.whatsapp.net: 
2025/10/21 14:18:27 Message from 917895759647@s.whatsapp.net: 
2025/10/21 14:18:42 User logged out from WhatsApp
2025/10/21 14:18:42 Restarting bridge...
Tue Oct 21 14:18:43 IST 2025: WhatsApp bridge exited with code 0. Restarting in 3 seconds...
Tue Oct 21 14:18:46 IST 2025: Starting WhatsApp bridge...
Starting WhatsApp bridge server on :8081...

Scan this QR code with your WhatsApp app:
QR code saved as qr.png
2025/10/21 14:19:12 Restarting bridge...
Tue Oct 21 14:19:13 IST 2025: WhatsApp bridge exited with code 0. Restarting in 3 seconds...
Tue Oct 21 14:19:16 IST 2025: Starting WhatsApp bridge...
Starting WhatsApp bridge server on :8081...

Scan this QR code with your WhatsApp app:
QR code saved as qr.png

Successfully connected!
2025/10/21 14:19:30 Connected to WhatsApp
2025/10/21 14:19:30 Message from 917895759647@s.whatsapp.net: 
2025/10/21 14:19:30 Message from 917895759647@s.whatsapp.net: 
2025/10/21 14:19:30 Message from 917895759647@s.whatsapp.net: 
2025/10/21 14:19:30 Message from 917895759647@s.whatsapp.net: 
2025/10/21 14:19:30 Message from 917895759647@s.whatsapp.net: 
2025/10/21 14:19:30 Message from 917895759647@s.whatsapp.net: 
2025/10/21 14:19:31 Message from 917895759647@s.whatsapp.net: 
2025/10/21 14:19:32 Message from 917895759647@s.whatsapp.net: 
2025/10/21 14:19:35 User logged out from WhatsApp
2025/10/21 14:19:35 Restarting bridge...
Tue Oct 21 14:19:36 IST 2025: WhatsApp bridge exited with code 0. Restarting in 3 seconds...
Tue Oct 21 14:19:39 IST 2025: Starting WhatsApp bridge...
Starting WhatsApp bridge server on :8081...

Scan this QR code with your WhatsApp app:
QR code saved as qr.png

Successfully connected!
2025/10/21 14:20:00 Connected to WhatsApp
2025/10/21 14:20:01 User logged out from WhatsApp
2025/10/21 14:20:01 Restarting bridge...
Tue Oct 21 14:20:02 IST 2025: WhatsApp bridge exited with code 0. Restarting in 3 seconds...
Tue Oct 21 14:20:05 IST 2025: Starting WhatsApp bridge...
Starting WhatsApp bridge server on :8081...

Scan this QR code with your WhatsApp app:
QR code saved as qr.png
2025/10/21 14:20:31 Restarting bridge...
Tue Oct 21 14:20:32 IST 2025: WhatsApp bridge exited with code 0. Restarting in 3 seconds...
Tue Oct 21 14:20:35 IST 2025: Starting WhatsApp bridge...
Starting WhatsApp bridge server on :8081...

Scan this QR code with your WhatsApp app:
QR code saved as qr.png
2025/10/21 14:21:01 Restarting bridge...
Tue Oct 21 14:21:02 IST 2025: WhatsApp bridge exited with code 0. Restarting in 3 seconds...
Tue Oct 21 14:21:05 IST 2025: Starting WhatsApp bridge...
Starting WhatsApp bridge server on :8081...

Scan this QR code with your WhatsApp app:
QR code saved as qr.png
2025/10/21 14:21:31 Restarting bridge...
Tue Oct 21 14:21:32 IST 2025: WhatsApp bridge exited with code 0. Restarting in 3 seconds...
Tue Oct 21 14:21:35 IST 2025: Starting WhatsApp bridge...
Starting WhatsApp bridge server on :8081...

Scan this QR code with your WhatsApp app:
QR code saved as qr.png
