
Scan this QR code with your WhatsApp app:
QR code saved as qr.png

Scan this QR code with your WhatsApp app:
QR code saved as qr.png

Scan this QR code with your WhatsApp app:
QR code saved as qr.png

Scan this QR code with your WhatsApp app:
QR code saved as qr.png

Scan this QR code with your WhatsApp app:
QR code saved as qr.png

Scan this QR code with your WhatsApp app:
QR code saved as qr.png
Starting WhatsApp bridge server on :8081...
2025/10/21 13:00:26 http: panic serving [::1]:63916: runtime error: invalid memory address or nil pointer dereference
goroutine 66 [running]:
net/http.(*conn).serve.func1()
	/opt/homebrew/Cellar/go/1.24.3/libexec/src/net/http/server.go:1947 +0xb0
panic({0x10533d200?, 0x1058c4960?})
	/opt/homebrew/Cellar/go/1.24.3/libexec/src/runtime/panic.go:792 +0x124
main.main.func2({0x1054772c0, 0x140002961c0}, 0x1059a8f30?)
	/Users/abhinav/Desktop/ThreadScribe/whatsapp-bridge/main.go:289 +0x144
main.main.corsMiddleware.func7({0x1054772c0, 0x140002961c0}, 0x140001bc640)
	/Users/abhinav/Desktop/ThreadScribe/whatsapp-bridge/main.go:164 +0x124
net/http.HandlerFunc.ServeHTTP(0x1058eede0?, {0x1054772c0?, 0x140002961c0?}, 0x104d864e4?)
	/opt/homebrew/Cellar/go/1.24.3/libexec/src/net/http/server.go:2294 +0x38
net/http.(*ServeMux).ServeHTTP(0x0?, {0x1054772c0, 0x140002961c0}, 0x140001bc640)
	/opt/homebrew/Cellar/go/1.24.3/libexec/src/net/http/server.go:2822 +0x1b4
net/http.serverHandler.ServeHTTP({0x140003fc780?}, {0x1054772c0?, 0x140002961c0?}, 0x1?)
	/opt/homebrew/Cellar/go/1.24.3/libexec/src/net/http/server.go:3301 +0xbc
net/http.(*conn).serve(0x140001c43f0, {0x105477c10, 0x140003fc660})
	/opt/homebrew/Cellar/go/1.24.3/libexec/src/net/http/server.go:2102 +0x52c
created by net/http.(*Server).Serve in goroutine 1
	/opt/homebrew/Cellar/go/1.24.3/libexec/src/net/http/server.go:3454 +0x3d8
2025/10/21 13:00:31 http: panic serving [::1]:63917: runtime error: invalid memory address or nil pointer dereference
goroutine 82 [running]:
net/http.(*conn).serve.func1()
	/opt/homebrew/Cellar/go/1.24.3/libexec/src/net/http/server.go:1947 +0xb0
panic({0x10533d200?, 0x1058c4960?})
	/opt/homebrew/Cellar/go/1.24.3/libexec/src/runtime/panic.go:792 +0x124
main.main.func2({0x1054772c0, 0x140002962a0}, 0x1059a85c0?)
	/Users/abhinav/Desktop/ThreadScribe/whatsapp-bridge/main.go:289 +0x144
main.main.corsMiddleware.func7({0x1054772c0, 0x140002962a0}, 0x140001bc8c0)
	/Users/abhinav/Desktop/ThreadScribe/whatsapp-bridge/main.go:164 +0x124
net/http.HandlerFunc.ServeHTTP(0x1058eede0?, {0x1054772c0?, 0x140002962a0?}, 0x104d864e4?)
	/opt/homebrew/Cellar/go/1.24.3/libexec/src/net/http/server.go:2294 +0x38
net/http.(*ServeMux).ServeHTTP(0x0?, {0x1054772c0, 0x140002962a0}, 0x140001bc8c0)
	/opt/homebrew/Cellar/go/1.24.3/libexec/src/net/http/server.go:2822 +0x1b4
net/http.serverHandler.ServeHTTP({0x140003fc870?}, {0x1054772c0?, 0x140002962a0?}, 0x1?)
	/opt/homebrew/Cellar/go/1.24.3/libexec/src/net/http/server.go:3301 +0xbc
net/http.(*conn).serve(0x140001c4510, {0x105477c10, 0x140003fc660})
	/opt/homebrew/Cellar/go/1.24.3/libexec/src/net/http/server.go:2102 +0x52c
created by net/http.(*Server).Serve in goroutine 1
	/opt/homebrew/Cellar/go/1.24.3/libexec/src/net/http/server.go:3454 +0x3d8
2025/10/21 13:00:36 http: panic serving [::1]:63918: runtime error: invalid memory address or nil pointer dereference
goroutine 6 [running]:
net/http.(*conn).serve.func1()
	/opt/homebrew/Cellar/go/1.24.3/libexec/src/net/http/server.go:1947 +0xb0
panic({0x10533d200?, 0x1058c4960?})
	/opt/homebrew/Cellar/go/1.24.3/libexec/src/runtime/panic.go:792 +0x124
main.main.func2({0x1054772c0, 0x1400044a000}, 0x1059a8108?)
	/Users/abhinav/Desktop/ThreadScribe/whatsapp-bridge/main.go:289 +0x144
main.main.corsMiddleware.func7({0x1054772c0, 0x1400044a000}, 0x1400034e000)
	/Users/abhinav/Desktop/ThreadScribe/whatsapp-bridge/main.go:164 +0x124
net/http.HandlerFunc.ServeHTTP(0x1058eede0?, {0x1054772c0?, 0x1400044a000?}, 0x104d864e4?)
	/opt/homebrew/Cellar/go/1.24.3/libexec/src/net/http/server.go:2294 +0x38
net/http.(*ServeMux).ServeHTTP(0x0?, {0x1054772c0, 0x1400044a000}, 0x1400034e000)
	/opt/homebrew/Cellar/go/1.24.3/libexec/src/net/http/server.go:2822 +0x1b4
net/http.serverHandler.ServeHTTP({0x1400012c600?}, {0x1054772c0?, 0x1400044a000?}, 0x1?)
	/opt/homebrew/Cellar/go/1.24.3/libexec/src/net/http/server.go:3301 +0xbc
net/http.(*conn).serve(0x14000388000, {0x105477c10, 0x140003fc660})
	/opt/homebrew/Cellar/go/1.24.3/libexec/src/net/http/server.go:2102 +0x52c
created by net/http.(*Server).Serve in goroutine 1
	/opt/homebrew/Cellar/go/1.24.3/libexec/src/net/http/server.go:3454 +0x3d8
2025/10/21 13:00:41 http: panic serving [::1]:63932: runtime error: invalid memory address or nil pointer dereference
goroutine 8 [running]:
net/http.(*conn).serve.func1()
	/opt/homebrew/Cellar/go/1.24.3/libexec/src/net/http/server.go:1947 +0xb0
panic({0x10533d200?, 0x1058c4960?})
	/opt/homebrew/Cellar/go/1.24.3/libexec/src/runtime/panic.go:792 +0x124
main.main.func2({0x1054772c0, 0x1400044a0e0}, 0x1059a8108?)
	/Users/abhinav/Desktop/ThreadScribe/whatsapp-bridge/main.go:289 +0x144
main.main.corsMiddleware.func7({0x1054772c0, 0x1400044a0e0}, 0x1400034e280)
	/Users/abhinav/Desktop/ThreadScribe/whatsapp-bridge/main.go:164 +0x124
net/http.HandlerFunc.ServeHTTP(0x1058eede0?, {0x1054772c0?, 0x1400044a0e0?}, 0x104d864e4?)
	/opt/homebrew/Cellar/go/1.24.3/libexec/src/net/http/server.go:2294 +0x38
net/http.(*ServeMux).ServeHTTP(0x0?, {0x1054772c0, 0x1400044a0e0}, 0x1400034e280)
	/opt/homebrew/Cellar/go/1.24.3/libexec/src/net/http/server.go:2822 +0x1b4
net/http.serverHandler.ServeHTTP({0x1400027d380?}, {0x1054772c0?, 0x1400044a0e0?}, 0x1?)
	/opt/homebrew/Cellar/go/1.24.3/libexec/src/net/http/server.go:3301 +0xbc
net/http.(*conn).serve(0x14000388990, {0x105477c10, 0x140003fc660})
	/opt/homebrew/Cellar/go/1.24.3/libexec/src/net/http/server.go:2102 +0x52c
created by net/http.(*Server).Serve in goroutine 1
	/opt/homebrew/Cellar/go/1.24.3/libexec/src/net/http/server.go:3454 +0x3d8
2025/10/21 13:00:46 http: panic serving [::1]:63936: runtime error: invalid memory address or nil pointer dereference
goroutine 10 [running]:
net/http.(*conn).serve.func1()
	/opt/homebrew/Cellar/go/1.24.3/libexec/src/net/http/server.go:1947 +0xb0
panic({0x10533d200?, 0x1058c4960?})
	/opt/homebrew/Cellar/go/1.24.3/libexec/src/runtime/panic.go:792 +0x124
main.main.func2({0x1054772c0, 0x1400044a1c0}, 0x1059a8108?)
	/Users/abhinav/Desktop/ThreadScribe/whatsapp-bridge/main.go:289 +0x144
main.main.corsMiddleware.func7({0x1054772c0, 0x1400044a1c0}, 0x1400034e640)
	/Users/abhinav/Desktop/ThreadScribe/whatsapp-bridge/main.go:164 +0x124
net/http.HandlerFunc.ServeHTTP(0x1058eede0?, {0x1054772c0?, 0x1400044a1c0?}, 0x104d864e4?)
	/opt/homebrew/Cellar/go/1.24.3/libexec/src/net/http/server.go:2294 +0x38
net/http.(*ServeMux).ServeHTTP(0x0?, {0x1054772c0, 0x1400044a1c0}, 0x1400034e640)
	/opt/homebrew/Cellar/go/1.24.3/libexec/src/net/http/server.go:2822 +0x1b4
net/http.serverHandler.ServeHTTP({0x1400027d590?}, {0x1054772c0?, 0x1400044a1c0?}, 0x1?)
	/opt/homebrew/Cellar/go/1.24.3/libexec/src/net/http/server.go:3301 +0xbc
net/http.(*conn).serve(0x140003eeea0, {0x105477c10, 0x140003fc660})
	/opt/homebrew/Cellar/go/1.24.3/libexec/src/net/http/server.go:2102 +0x52c
created by net/http.(*Server).Serve in goroutine 1
	/opt/homebrew/Cellar/go/1.24.3/libexec/src/net/http/server.go:3454 +0x3d8
2025/10/21 13:01:01 http: panic serving [::1]:63947: runtime error: invalid memory address or nil pointer dereference
goroutine 12 [running]:
net/http.(*conn).serve.func1()
	/opt/homebrew/Cellar/go/1.24.3/libexec/src/net/http/server.go:1947 +0xb0
panic({0x10533d200?, 0x1058c4960?})
	/opt/homebrew/Cellar/go/1.24.3/libexec/src/runtime/panic.go:792 +0x124
main.main.func2({0x1054772c0, 0x1400044a2a0}, 0x1059a8108?)
	/Users/abhinav/Desktop/ThreadScribe/whatsapp-bridge/main.go:289 +0x144
main.main.corsMiddleware.func7({0x1054772c0, 0x1400044a2a0}, 0x1400034e780)
	/Users/abhinav/Desktop/ThreadScribe/whatsapp-bridge/main.go:164 +0x124
net/http.HandlerFunc.ServeHTTP(0x1058eede0?, {0x1054772c0?, 0x1400044a2a0?}, 0x104d864e4?)
	/opt/homebrew/Cellar/go/1.24.3/libexec/src/net/http/server.go:2294 +0x38
net/http.(*ServeMux).ServeHTTP(0x0?, {0x1054772c0, 0x1400044a2a0}, 0x1400034e780)
	/opt/homebrew/Cellar/go/1.24.3/libexec/src/net/http/server.go:2822 +0x1b4
net/http.serverHandler.ServeHTTP({0x1400027d8c0?}, {0x1054772c0?, 0x1400044a2a0?}, 0x1?)
	/opt/homebrew/Cellar/go/1.24.3/libexec/src/net/http/server.go:3301 +0xbc
net/http.(*conn).serve(0x140003ef950, {0x105477c10, 0x140003fc660})
	/opt/homebrew/Cellar/go/1.24.3/libexec/src/net/http/server.go:2102 +0x52c
created by net/http.(*Server).Serve in goroutine 1
	/opt/homebrew/Cellar/go/1.24.3/libexec/src/net/http/server.go:3454 +0x3d8
2025/10/21 13:01:24 http: panic serving [::1]:63966: runtime error: invalid memory address or nil pointer dereference
goroutine 83 [running]:
net/http.(*conn).serve.func1()
	/opt/homebrew/Cellar/go/1.24.3/libexec/src/net/http/server.go:1947 +0xb0
panic({0x10533d200?, 0x1058c4960?})
	/opt/homebrew/Cellar/go/1.24.3/libexec/src/runtime/panic.go:792 +0x124
main.main.func2({0x1054772c0, 0x140000fc000}, 0x1059a98a0?)
	/Users/abhinav/Desktop/ThreadScribe/whatsapp-bridge/main.go:289 +0x144
main.main.corsMiddleware.func7({0x1054772c0, 0x140000fc000}, 0x140001bca00)
	/Users/abhinav/Desktop/ThreadScribe/whatsapp-bridge/main.go:164 +0x124
net/http.HandlerFunc.ServeHTTP(0x1058eede0?, {0x1054772c0?, 0x140000fc000?}, 0x104d864e4?)
	/opt/homebrew/Cellar/go/1.24.3/libexec/src/net/http/server.go:2294 +0x38
net/http.(*ServeMux).ServeHTTP(0x0?, {0x1054772c0, 0x140000fc000}, 0x140001bca00)
	/opt/homebrew/Cellar/go/1.24.3/libexec/src/net/http/server.go:2822 +0x1b4
net/http.serverHandler.ServeHTTP({0x140003fcb70?}, {0x1054772c0?, 0x140000fc000?}, 0x1?)
	/opt/homebrew/Cellar/go/1.24.3/libexec/src/net/http/server.go:3301 +0xbc
net/http.(*conn).serve(0x140001c4630, {0x105477c10, 0x140003fc660})
	/opt/homebrew/Cellar/go/1.24.3/libexec/src/net/http/server.go:2102 +0x52c
created by net/http.(*Server).Serve in goroutine 1
	/opt/homebrew/Cellar/go/1.24.3/libexec/src/net/http/server.go:3454 +0x3d8
2025/10/21 13:01:24 http: panic serving [::1]:63967: runtime error: invalid memory address or nil pointer dereference
goroutine 85 [running]:
net/http.(*conn).serve.func1()
	/opt/homebrew/Cellar/go/1.24.3/libexec/src/net/http/server.go:1947 +0xb0
panic({0x10533d200?, 0x1058c4960?})
	/opt/homebrew/Cellar/go/1.24.3/libexec/src/runtime/panic.go:792 +0x124
main.main.func2({0x1054772c0, 0x140000fc0e0}, 0x1059a98a0?)
	/Users/abhinav/Desktop/ThreadScribe/whatsapp-bridge/main.go:289 +0x144
main.main.corsMiddleware.func7({0x1054772c0, 0x140000fc0e0}, 0x140001bcb40)
	/Users/abhinav/Desktop/ThreadScribe/whatsapp-bridge/main.go:164 +0x124
net/http.HandlerFunc.ServeHTTP(0x1058eede0?, {0x1054772c0?, 0x140000fc0e0?}, 0x104d864e4?)
	/opt/homebrew/Cellar/go/1.24.3/libexec/src/net/http/server.go:2294 +0x38
net/http.(*ServeMux).ServeHTTP(0x0?, {0x1054772c0, 0x140000fc0e0}, 0x140001bcb40)
	/opt/homebrew/Cellar/go/1.24.3/libexec/src/net/http/server.go:2822 +0x1b4
net/http.serverHandler.ServeHTTP({0x140003fced0?}, {0x1054772c0?, 0x140000fc0e0?}, 0x1?)
	/opt/homebrew/Cellar/go/1.24.3/libexec/src/net/http/server.go:3301 +0xbc
net/http.(*conn).serve(0x140001c4750, {0x105477c10, 0x140003fc660})
	/opt/homebrew/Cellar/go/1.24.3/libexec/src/net/http/server.go:2102 +0x52c
created by net/http.(*Server).Serve in goroutine 1
	/opt/homebrew/Cellar/go/1.24.3/libexec/src/net/http/server.go:3454 +0x3d8
2025/10/21 13:01:30 http: panic serving [::1]:63971: runtime error: invalid memory address or nil pointer dereference
goroutine 87 [running]:
net/http.(*conn).serve.func1()
	/opt/homebrew/Cellar/go/1.24.3/libexec/src/net/http/server.go:1947 +0xb0
panic({0x10533d200?, 0x1058c4960?})
	/opt/homebrew/Cellar/go/1.24.3/libexec/src/runtime/panic.go:792 +0x124
main.main.func2({0x1054772c0, 0x140000fc1c0}, 0x1059a98a0?)
	/Users/abhinav/Desktop/ThreadScribe/whatsapp-bridge/main.go:289 +0x144
main.main.corsMiddleware.func7({0x1054772c0, 0x140000fc1c0}, 0x140001bcc80)
	/Users/abhinav/Desktop/ThreadScribe/whatsapp-bridge/main.go:164 +0x124
net/http.HandlerFunc.ServeHTTP(0x1058eede0?, {0x1054772c0?, 0x140000fc1c0?}, 0x104d864e4?)
	/opt/homebrew/Cellar/go/1.24.3/libexec/src/net/http/server.go:2294 +0x38
net/http.(*ServeMux).ServeHTTP(0x0?, {0x1054772c0, 0x140000fc1c0}, 0x140001bcc80)
	/opt/homebrew/Cellar/go/1.24.3/libexec/src/net/http/server.go:2822 +0x1b4
net/http.serverHandler.ServeHTTP({0x140003fd260?}, {0x1054772c0?, 0x140000fc1c0?}, 0x1?)
	/opt/homebrew/Cellar/go/1.24.3/libexec/src/net/http/server.go:3301 +0xbc
net/http.(*conn).serve(0x140001c4870, {0x105477c10, 0x140003fc660})
	/opt/homebrew/Cellar/go/1.24.3/libexec/src/net/http/server.go:2102 +0x52c
created by net/http.(*Server).Serve in goroutine 1
	/opt/homebrew/Cellar/go/1.24.3/libexec/src/net/http/server.go:3454 +0x3d8
2025/10/21 13:01:35 http: panic serving [::1]:63972: runtime error: invalid memory address or nil pointer dereference
goroutine 89 [running]:
net/http.(*conn).serve.func1()
	/opt/homebrew/Cellar/go/1.24.3/libexec/src/net/http/server.go:1947 +0xb0
panic({0x10533d200?, 0x1058c4960?})
	/opt/homebrew/Cellar/go/1.24.3/libexec/src/runtime/panic.go:792 +0x124
main.main.func2({0x1054772c0, 0x140000fc2a0}, 0x1059a98a0?)
	/Users/abhinav/Desktop/ThreadScribe/whatsapp-bridge/main.go:289 +0x144
main.main.corsMiddleware.func7({0x1054772c0, 0x140000fc2a0}, 0x140001bcdc0)
	/Users/abhinav/Desktop/ThreadScribe/whatsapp-bridge/main.go:164 +0x124
net/http.HandlerFunc.ServeHTTP(0x1058eede0?, {0x1054772c0?, 0x140000fc2a0?}, 0x104d864e4?)
	/opt/homebrew/Cellar/go/1.24.3/libexec/src/net/http/server.go:2294 +0x38
net/http.(*ServeMux).ServeHTTP(0x0?, {0x1054772c0, 0x140000fc2a0}, 0x140001bcdc0)
	/opt/homebrew/Cellar/go/1.24.3/libexec/src/net/http/server.go:2822 +0x1b4
net/http.serverHandler.ServeHTTP({0x140003fd530?}, {0x1054772c0?, 0x140000fc2a0?}, 0x1?)
	/opt/homebrew/Cellar/go/1.24.3/libexec/src/net/http/server.go:3301 +0xbc
net/http.(*conn).serve(0x140001c4990, {0x105477c10, 0x140003fc660})
	/opt/homebrew/Cellar/go/1.24.3/libexec/src/net/http/server.go:2102 +0x52c
created by net/http.(*Server).Serve in goroutine 1
	/opt/homebrew/Cellar/go/1.24.3/libexec/src/net/http/server.go:3454 +0x3d8
2025/10/21 13:01:39 http: panic serving [::1]:63980: runtime error: invalid memory address or nil pointer dereference
goroutine 91 [running]:
net/http.(*conn).serve.func1()
	/opt/homebrew/Cellar/go/1.24.3/libexec/src/net/http/server.go:1947 +0xb0
panic({0x10533d200?, 0x1058c4960?})
	/opt/homebrew/Cellar/go/1.24.3/libexec/src/runtime/panic.go:792 +0x124
main.main.func2({0x1054772c0, 0x140000fc460}, 0x1059a98a0?)
	/Users/abhinav/Desktop/ThreadScribe/whatsapp-bridge/main.go:289 +0x144
main.main.corsMiddleware.func7({0x1054772c0, 0x140000fc460}, 0x140001bcf00)
	/Users/abhinav/Desktop/ThreadScribe/whatsapp-bridge/main.go:164 +0x124
net/http.HandlerFunc.ServeHTTP(0x1058eede0?, {0x1054772c0?, 0x140000fc460?}, 0x104d864e4?)
	/opt/homebrew/Cellar/go/1.24.3/libexec/src/net/http/server.go:2294 +0x38
net/http.(*ServeMux).ServeHTTP(0x14000098160?, {0x1054772c0, 0x140000fc460}, 0x140001bcf00)
	/opt/homebrew/Cellar/go/1.24.3/libexec/src/net/http/server.go:2822 +0x1b4
net/http.serverHandler.ServeHTTP({0x140003fd6b0?}, {0x1054772c0?, 0x140000fc460?}, 0x6?)
	/opt/homebrew/Cellar/go/1.24.3/libexec/src/net/http/server.go:3301 +0xbc
net/http.(*conn).serve(0x140001c4ab0, {0x105477c10, 0x140003fc660})
	/opt/homebrew/Cellar/go/1.24.3/libexec/src/net/http/server.go:2102 +0x52c
created by net/http.(*Server).Serve in goroutine 1
	/opt/homebrew/Cellar/go/1.24.3/libexec/src/net/http/server.go:3454 +0x3d8
2025/10/21 13:01:45 http: panic serving [::1]:63983: runtime error: invalid memory address or nil pointer dereference
goroutine 93 [running]:
net/http.(*conn).serve.func1()
	/opt/homebrew/Cellar/go/1.24.3/libexec/src/net/http/server.go:1947 +0xb0
panic({0x10533d200?, 0x1058c4960?})
	/opt/homebrew/Cellar/go/1.24.3/libexec/src/runtime/panic.go:792 +0x124
main.main.func2({0x1054772c0, 0x140000fc620}, 0x1059a98a0?)
	/Users/abhinav/Desktop/ThreadScribe/whatsapp-bridge/main.go:289 +0x144
main.main.corsMiddleware.func7({0x1054772c0, 0x140000fc620}, 0x140001bd040)
	/Users/abhinav/Desktop/ThreadScribe/whatsapp-bridge/main.go:164 +0x124
net/http.HandlerFunc.ServeHTTP(0x1058eede0?, {0x1054772c0?, 0x140000fc620?}, 0x104d864e4?)
	/opt/homebrew/Cellar/go/1.24.3/libexec/src/net/http/server.go:2294 +0x38
net/http.(*ServeMux).ServeHTTP(0x140000981a0?, {0x1054772c0, 0x140000fc620}, 0x140001bd040)
	/opt/homebrew/Cellar/go/1.24.3/libexec/src/net/http/server.go:2822 +0x1b4
net/http.serverHandler.ServeHTTP({0x140003fd830?}, {0x1054772c0?, 0x140000fc620?}, 0x6?)
	/opt/homebrew/Cellar/go/1.24.3/libexec/src/net/http/server.go:3301 +0xbc
net/http.(*conn).serve(0x140001c4bd0, {0x105477c10, 0x140003fc660})
	/opt/homebrew/Cellar/go/1.24.3/libexec/src/net/http/server.go:2102 +0x52c
created by net/http.(*Server).Serve in goroutine 1
	/opt/homebrew/Cellar/go/1.24.3/libexec/src/net/http/server.go:3454 +0x3d8
2025/10/21 13:01:50 http: panic serving [::1]:63984: runtime error: invalid memory address or nil pointer dereference
goroutine 95 [running]:
net/http.(*conn).serve.func1()
	/opt/homebrew/Cellar/go/1.24.3/libexec/src/net/http/server.go:1947 +0xb0
panic({0x10533d200?, 0x1058c4960?})
	/opt/homebrew/Cellar/go/1.24.3/libexec/src/runtime/panic.go:792 +0x124
main.main.func2({0x1054772c0, 0x140000fc7e0}, 0x1059a98a0?)
	/Users/abhinav/Desktop/ThreadScribe/whatsapp-bridge/main.go:289 +0x144
main.main.corsMiddleware.func7({0x1054772c0, 0x140000fc7e0}, 0x140001bd180)
	/Users/abhinav/Desktop/ThreadScribe/whatsapp-bridge/main.go:164 +0x124
net/http.HandlerFunc.ServeHTTP(0x1058eede0?, {0x1054772c0?, 0x140000fc7e0?}, 0x104d864e4?)
	/opt/homebrew/Cellar/go/1.24.3/libexec/src/net/http/server.go:2294 +0x38
net/http.(*ServeMux).ServeHTTP(0x140000981e0?, {0x1054772c0, 0x140000fc7e0}, 0x140001bd180)
	/opt/homebrew/Cellar/go/1.24.3/libexec/src/net/http/server.go:2822 +0x1b4
net/http.serverHandler.ServeHTTP({0x140003fd9b0?}, {0x1054772c0?, 0x140000fc7e0?}, 0x6?)
	/opt/homebrew/Cellar/go/1.24.3/libexec/src/net/http/server.go:3301 +0xbc
net/http.(*conn).serve(0x140001c4cf0, {0x105477c10, 0x140003fc660})
	/opt/homebrew/Cellar/go/1.24.3/libexec/src/net/http/server.go:2102 +0x52c
created by net/http.(*Server).Serve in goroutine 1
	/opt/homebrew/Cellar/go/1.24.3/libexec/src/net/http/server.go:3454 +0x3d8
2025/10/21 13:01:53 http: panic serving [::1]:63990: runtime error: invalid memory address or nil pointer dereference
goroutine 97 [running]:
net/http.(*conn).serve.func1()
	/opt/homebrew/Cellar/go/1.24.3/libexec/src/net/http/server.go:1947 +0xb0
panic({0x10533d200?, 0x1058c4960?})
	/opt/homebrew/Cellar/go/1.24.3/libexec/src/runtime/panic.go:792 +0x124
main.main.func2({0x1054772c0, 0x140000fc9a0}, 0x1059a98a0?)
	/Users/abhinav/Desktop/ThreadScribe/whatsapp-bridge/main.go:289 +0x144
main.main.corsMiddleware.func7({0x1054772c0, 0x140000fc9a0}, 0x140001bd2c0)
	/Users/abhinav/Desktop/ThreadScribe/whatsapp-bridge/main.go:164 +0x124
net/http.HandlerFunc.ServeHTTP(0x1058eede0?, {0x1054772c0?, 0x140000fc9a0?}, 0x104d864e4?)
	/opt/homebrew/Cellar/go/1.24.3/libexec/src/net/http/server.go:2294 +0x38
net/http.(*ServeMux).ServeHTTP(0x14000098220?, {0x1054772c0, 0x140000fc9a0}, 0x140001bd2c0)
	/opt/homebrew/Cellar/go/1.24.3/libexec/src/net/http/server.go:2822 +0x1b4
net/http.serverHandler.ServeHTTP({0x140003fdb30?}, {0x1054772c0?, 0x140000fc9a0?}, 0x6?)
	/opt/homebrew/Cellar/go/1.24.3/libexec/src/net/http/server.go:3301 +0xbc
net/http.(*conn).serve(0x140001c4e10, {0x105477c10, 0x140003fc660})
	/opt/homebrew/Cellar/go/1.24.3/libexec/src/net/http/server.go:2102 +0x52c
created by net/http.(*Server).Serve in goroutine 1
	/opt/homebrew/Cellar/go/1.24.3/libexec/src/net/http/server.go:3454 +0x3d8
2025/10/21 13:01:59 http: panic serving [::1]:63993: runtime error: invalid memory address or nil pointer dereference
goroutine 99 [running]:
net/http.(*conn).serve.func1()
	/opt/homebrew/Cellar/go/1.24.3/libexec/src/net/http/server.go:1947 +0xb0
panic({0x10533d200?, 0x1058c4960?})
	/opt/homebrew/Cellar/go/1.24.3/libexec/src/runtime/panic.go:792 +0x124
main.main.func2({0x1054772c0, 0x140000fcb60}, 0x1059a98a0?)
	/Users/abhinav/Desktop/ThreadScribe/whatsapp-bridge/main.go:289 +0x144
main.main.corsMiddleware.func7({0x1054772c0, 0x140000fcb60}, 0x140001bd400)
	/Users/abhinav/Desktop/ThreadScribe/whatsapp-bridge/main.go:164 +0x124
net/http.HandlerFunc.ServeHTTP(0x1058eede0?, {0x1054772c0?, 0x140000fcb60?}, 0x104d864e4?)
	/opt/homebrew/Cellar/go/1.24.3/libexec/src/net/http/server.go:2294 +0x38
net/http.(*ServeMux).ServeHTTP(0x14000098260?, {0x1054772c0, 0x140000fcb60}, 0x140001bd400)
	/opt/homebrew/Cellar/go/1.24.3/libexec/src/net/http/server.go:2822 +0x1b4
net/http.serverHandler.ServeHTTP({0x140003fdcb0?}, {0x1054772c0?, 0x140000fcb60?}, 0x6?)
	/opt/homebrew/Cellar/go/1.24.3/libexec/src/net/http/server.go:3301 +0xbc
net/http.(*conn).serve(0x140001c4f30, {0x105477c10, 0x140003fc660})
	/opt/homebrew/Cellar/go/1.24.3/libexec/src/net/http/server.go:2102 +0x52c
created by net/http.(*Server).Serve in goroutine 1
	/opt/homebrew/Cellar/go/1.24.3/libexec/src/net/http/server.go:3454 +0x3d8
2025/10/21 13:02:00 http: panic serving [::1]:63999: runtime error: invalid memory address or nil pointer dereference
goroutine 101 [running]:
net/http.(*conn).serve.func1()
	/opt/homebrew/Cellar/go/1.24.3/libexec/src/net/http/server.go:1947 +0xb0
panic({0x10533d200?, 0x1058c4960?})
	/opt/homebrew/Cellar/go/1.24.3/libexec/src/runtime/panic.go:792 +0x124
main.main.func2({0x1054772c0, 0x140000fcd20}, 0x1059a98a0?)
	/Users/abhinav/Desktop/ThreadScribe/whatsapp-bridge/main.go:289 +0x144
main.main.corsMiddleware.func7({0x1054772c0, 0x140000fcd20}, 0x140001bd540)
	/Users/abhinav/Desktop/ThreadScribe/whatsapp-bridge/main.go:164 +0x124
net/http.HandlerFunc.ServeHTTP(0x1058eede0?, {0x1054772c0?, 0x140000fcd20?}, 0x104d864e4?)
	/opt/homebrew/Cellar/go/1.24.3/libexec/src/net/http/server.go:2294 +0x38
net/http.(*ServeMux).ServeHTTP(0x140000982a0?, {0x1054772c0, 0x140000fcd20}, 0x140001bd540)
	/opt/homebrew/Cellar/go/1.24.3/libexec/src/net/http/server.go:2822 +0x1b4
net/http.serverHandler.ServeHTTP({0x140003fde30?}, {0x1054772c0?, 0x140000fcd20?}, 0x6?)
	/opt/homebrew/Cellar/go/1.24.3/libexec/src/net/http/server.go:3301 +0xbc
net/http.(*conn).serve(0x140001c5050, {0x105477c10, 0x140003fc660})
	/opt/homebrew/Cellar/go/1.24.3/libexec/src/net/http/server.go:2102 +0x52c
created by net/http.(*Server).Serve in goroutine 1
	/opt/homebrew/Cellar/go/1.24.3/libexec/src/net/http/server.go:3454 +0x3d8
2025/10/21 13:02:06 http: panic serving [::1]:64001: runtime error: invalid memory address or nil pointer dereference
goroutine 103 [running]:
net/http.(*conn).serve.func1()
	/opt/homebrew/Cellar/go/1.24.3/libexec/src/net/http/server.go:1947 +0xb0
panic({0x10533d200?, 0x1058c4960?})
	/opt/homebrew/Cellar/go/1.24.3/libexec/src/runtime/panic.go:792 +0x124
main.main.func2({0x1054772c0, 0x140000fcee0}, 0x1059a98a0?)
	/Users/abhinav/Desktop/ThreadScribe/whatsapp-bridge/main.go:289 +0x144
main.main.corsMiddleware.func7({0x1054772c0, 0x140000fcee0}, 0x140001bd680)
	/Users/abhinav/Desktop/ThreadScribe/whatsapp-bridge/main.go:164 +0x124
net/http.HandlerFunc.ServeHTTP(0x1058eede0?, {0x1054772c0?, 0x140000fcee0?}, 0x104d864e4?)
	/opt/homebrew/Cellar/go/1.24.3/libexec/src/net/http/server.go:2294 +0x38
net/http.(*ServeMux).ServeHTTP(0x140000982e0?, {0x1054772c0, 0x140000fcee0}, 0x140001bd680)
	/opt/homebrew/Cellar/go/1.24.3/libexec/src/net/http/server.go:2822 +0x1b4
net/http.serverHandler.ServeHTTP({0x140003ca030?}, {0x1054772c0?, 0x140000fcee0?}, 0x6?)
	/opt/homebrew/Cellar/go/1.24.3/libexec/src/net/http/server.go:3301 +0xbc
net/http.(*conn).serve(0x140001c5170, {0x105477c10, 0x140003fc660})
	/opt/homebrew/Cellar/go/1.24.3/libexec/src/net/http/server.go:2102 +0x52c
created by net/http.(*Server).Serve in goroutine 1
	/opt/homebrew/Cellar/go/1.24.3/libexec/src/net/http/server.go:3454 +0x3d8
2025/10/21 13:02:11 http: panic serving [::1]:64002: runtime error: invalid memory address or nil pointer dereference
goroutine 105 [running]:
net/http.(*conn).serve.func1()
	/opt/homebrew/Cellar/go/1.24.3/libexec/src/net/http/server.go:1947 +0xb0
panic({0x10533d200?, 0x1058c4960?})
	/opt/homebrew/Cellar/go/1.24.3/libexec/src/runtime/panic.go:792 +0x124
main.main.func2({0x1054772c0, 0x140000fd0a0}, 0x1059a98a0?)
	/Users/abhinav/Desktop/ThreadScribe/whatsapp-bridge/main.go:289 +0x144
main.main.corsMiddleware.func7({0x1054772c0, 0x140000fd0a0}, 0x140001bd7c0)
	/Users/abhinav/Desktop/ThreadScribe/whatsapp-bridge/main.go:164 +0x124
net/http.HandlerFunc.ServeHTTP(0x1058eede0?, {0x1054772c0?, 0x140000fd0a0?}, 0x104d864e4?)
	/opt/homebrew/Cellar/go/1.24.3/libexec/src/net/http/server.go:2294 +0x38
net/http.(*ServeMux).ServeHTTP(0x14000098320?, {0x1054772c0, 0x140000fd0a0}, 0x140001bd7c0)
	/opt/homebrew/Cellar/go/1.24.3/libexec/src/net/http/server.go:2822 +0x1b4
net/http.serverHandler.ServeHTTP({0x140003ca330?}, {0x1054772c0?, 0x140000fd0a0?}, 0x6?)
	/opt/homebrew/Cellar/go/1.24.3/libexec/src/net/http/server.go:3301 +0xbc
net/http.(*conn).serve(0x140001c5290, {0x105477c10, 0x140003fc660})
	/opt/homebrew/Cellar/go/1.24.3/libexec/src/net/http/server.go:2102 +0x52c
created by net/http.(*Server).Serve in goroutine 1
	/opt/homebrew/Cellar/go/1.24.3/libexec/src/net/http/server.go:3454 +0x3d8
2025/10/21 13:02:16 http: panic serving [::1]:64003: runtime error: invalid memory address or nil pointer dereference
goroutine 107 [running]:
net/http.(*conn).serve.func1()
	/opt/homebrew/Cellar/go/1.24.3/libexec/src/net/http/server.go:1947 +0xb0
panic({0x10533d200?, 0x1058c4960?})
	/opt/homebrew/Cellar/go/1.24.3/libexec/src/runtime/panic.go:792 +0x124
main.main.func2({0x1054772c0, 0x140000fd260}, 0x1059a98a0?)
	/Users/abhinav/Desktop/ThreadScribe/whatsapp-bridge/main.go:289 +0x144
main.main.corsMiddleware.func7({0x1054772c0, 0x140000fd260}, 0x140001bd900)
	/Users/abhinav/Desktop/ThreadScribe/whatsapp-bridge/main.go:164 +0x124
net/http.HandlerFunc.ServeHTTP(0x1058eede0?, {0x1054772c0?, 0x140000fd260?}, 0x104d864e4?)
	/opt/homebrew/Cellar/go/1.24.3/libexec/src/net/http/server.go:2294 +0x38
net/http.(*ServeMux).ServeHTTP(0x14000098360?, {0x1054772c0, 0x140000fd260}, 0x140001bd900)
	/opt/homebrew/Cellar/go/1.24.3/libexec/src/net/http/server.go:2822 +0x1b4
net/http.serverHandler.ServeHTTP({0x140003ca4e0?}, {0x1054772c0?, 0x140000fd260?}, 0x6?)
	/opt/homebrew/Cellar/go/1.24.3/libexec/src/net/http/server.go:3301 +0xbc
net/http.(*conn).serve(0x140001c53b0, {0x105477c10, 0x140003fc660})
	/opt/homebrew/Cellar/go/1.24.3/libexec/src/net/http/server.go:2102 +0x52c
created by net/http.(*Server).Serve in goroutine 1
	/opt/homebrew/Cellar/go/1.24.3/libexec/src/net/http/server.go:3454 +0x3d8
2025/10/21 13:02:21 http: panic serving [::1]:64004: runtime error: invalid memory address or nil pointer dereference
goroutine 109 [running]:
net/http.(*conn).serve.func1()
	/opt/homebrew/Cellar/go/1.24.3/libexec/src/net/http/server.go:1947 +0xb0
panic({0x10533d200?, 0x1058c4960?})
	/opt/homebrew/Cellar/go/1.24.3/libexec/src/runtime/panic.go:792 +0x124
main.main.func2({0x1054772c0, 0x1400044a540}, 0x1059a8108?)
	/Users/abhinav/Desktop/ThreadScribe/whatsapp-bridge/main.go:289 +0x144
main.main.corsMiddleware.func7({0x1054772c0, 0x1400044a540}, 0x140001bda40)
	/Users/abhinav/Desktop/ThreadScribe/whatsapp-bridge/main.go:164 +0x124
net/http.HandlerFunc.ServeHTTP(0x1058eede0?, {0x1054772c0?, 0x1400044a540?}, 0x104d864e4?)
	/opt/homebrew/Cellar/go/1.24.3/libexec/src/net/http/server.go:2294 +0x38
net/http.(*ServeMux).ServeHTTP(0x1400033c0a0?, {0x1054772c0, 0x1400044a540}, 0x140001bda40)
	/opt/homebrew/Cellar/go/1.24.3/libexec/src/net/http/server.go:2822 +0x1b4
net/http.serverHandler.ServeHTTP({0x140003ca750?}, {0x1054772c0?, 0x1400044a540?}, 0x6?)
	/opt/homebrew/Cellar/go/1.24.3/libexec/src/net/http/server.go:3301 +0xbc
net/http.(*conn).serve(0x140001c54d0, {0x105477c10, 0x140003fc660})
	/opt/homebrew/Cellar/go/1.24.3/libexec/src/net/http/server.go:2102 +0x52c
created by net/http.(*Server).Serve in goroutine 1
	/opt/homebrew/Cellar/go/1.24.3/libexec/src/net/http/server.go:3454 +0x3d8
2025/10/21 13:02:26 http: panic serving [::1]:64005: runtime error: invalid memory address or nil pointer dereference
goroutine 114 [running]:
net/http.(*conn).serve.func1()
	/opt/homebrew/Cellar/go/1.24.3/libexec/src/net/http/server.go:1947 +0xb0
panic({0x10533d200?, 0x1058c4960?})
	/opt/homebrew/Cellar/go/1.24.3/libexec/src/runtime/panic.go:792 +0x124
main.main.func2({0x1054772c0, 0x1400044a700}, 0x1059a8108?)
	/Users/abhinav/Desktop/ThreadScribe/whatsapp-bridge/main.go:289 +0x144
main.main.corsMiddleware.func7({0x1054772c0, 0x1400044a700}, 0x1400034ea00)
	/Users/abhinav/Desktop/ThreadScribe/whatsapp-bridge/main.go:164 +0x124
net/http.HandlerFunc.ServeHTTP(0x1058eede0?, {0x1054772c0?, 0x1400044a700?}, 0x104d864e4?)
	/opt/homebrew/Cellar/go/1.24.3/libexec/src/net/http/server.go:2294 +0x38
net/http.(*ServeMux).ServeHTTP(0x1400033c140?, {0x1054772c0, 0x1400044a700}, 0x1400034ea00)
	/opt/homebrew/Cellar/go/1.24.3/libexec/src/net/http/server.go:2822 +0x1b4
net/http.serverHandler.ServeHTTP({0x1400030e660?}, {0x1054772c0?, 0x1400044a700?}, 0x6?)
	/opt/homebrew/Cellar/go/1.24.3/libexec/src/net/http/server.go:3301 +0xbc
net/http.(*conn).serve(0x1400044e360, {0x105477c10, 0x140003fc660})
	/opt/homebrew/Cellar/go/1.24.3/libexec/src/net/http/server.go:2102 +0x52c
created by net/http.(*Server).Serve in goroutine 1
	/opt/homebrew/Cellar/go/1.24.3/libexec/src/net/http/server.go:3454 +0x3d8
2025/10/21 13:02:30 http: panic serving [::1]:64006: runtime error: invalid memory address or nil pointer dereference
goroutine 54 [running]:
net/http.(*conn).serve.func1()
	/opt/homebrew/Cellar/go/1.24.3/libexec/src/net/http/server.go:1947 +0xb0
panic({0x10533d200?, 0x1058c4960?})
	/opt/homebrew/Cellar/go/1.24.3/libexec/src/runtime/panic.go:792 +0x124
main.main.func2({0x1054772c0, 0x14000296460}, 0x1059a85c0?)
	/Users/abhinav/Desktop/ThreadScribe/whatsapp-bridge/main.go:289 +0x144
main.main.corsMiddleware.func7({0x1054772c0, 0x14000296460}, 0x14000016000)
	/Users/abhinav/Desktop/ThreadScribe/whatsapp-bridge/main.go:164 +0x124
net/http.HandlerFunc.ServeHTTP(0x1058eede0?, {0x1054772c0?, 0x14000296460?}, 0x104d864e4?)
	/opt/homebrew/Cellar/go/1.24.3/libexec/src/net/http/server.go:2294 +0x38
net/http.(*ServeMux).ServeHTTP(0x1400012a300?, {0x1054772c0, 0x14000296460}, 0x14000016000)
	/opt/homebrew/Cellar/go/1.24.3/libexec/src/net/http/server.go:2822 +0x1b4
net/http.serverHandler.ServeHTTP({0x140002de270?}, {0x1054772c0?, 0x14000296460?}, 0x6?)
	/opt/homebrew/Cellar/go/1.24.3/libexec/src/net/http/server.go:3301 +0xbc
net/http.(*conn).serve(0x140003ff4d0, {0x105477c10, 0x140003fc660})
	/opt/homebrew/Cellar/go/1.24.3/libexec/src/net/http/server.go:2102 +0x52c
created by net/http.(*Server).Serve in goroutine 1
	/opt/homebrew/Cellar/go/1.24.3/libexec/src/net/http/server.go:3454 +0x3d8
2025/10/21 13:02:36 http: panic serving [::1]:64007: runtime error: invalid memory address or nil pointer dereference
goroutine 68 [running]:
net/http.(*conn).serve.func1()
	/opt/homebrew/Cellar/go/1.24.3/libexec/src/net/http/server.go:1947 +0xb0
panic({0x10533d200?, 0x1058c4960?})
	/opt/homebrew/Cellar/go/1.24.3/libexec/src/runtime/panic.go:792 +0x124
main.main.func2({0x1054772c0, 0x140002962a0}, 0x1059a8a78?)
	/Users/abhinav/Desktop/ThreadScribe/whatsapp-bridge/main.go:289 +0x144
main.main.corsMiddleware.func7({0x1054772c0, 0x140002962a0}, 0x14000016140)
	/Users/abhinav/Desktop/ThreadScribe/whatsapp-bridge/main.go:164 +0x124
net/http.HandlerFunc.ServeHTTP(0x1058eede0?, {0x1054772c0?, 0x140002962a0?}, 0x104d864e4?)
	/opt/homebrew/Cellar/go/1.24.3/libexec/src/net/http/server.go:2294 +0x38
net/http.(*ServeMux).ServeHTTP(0x14000098080?, {0x1054772c0, 0x140002962a0}, 0x14000016140)
	/opt/homebrew/Cellar/go/1.24.3/libexec/src/net/http/server.go:2822 +0x1b4
net/http.serverHandler.ServeHTTP({0x140002de210?}, {0x1054772c0?, 0x140002962a0?}, 0x6?)
	/opt/homebrew/Cellar/go/1.24.3/libexec/src/net/http/server.go:3301 +0xbc
net/http.(*conn).serve(0x140003ff440, {0x105477c10, 0x140003fc660})
	/opt/homebrew/Cellar/go/1.24.3/libexec/src/net/http/server.go:2102 +0x52c
created by net/http.(*Server).Serve in goroutine 1
	/opt/homebrew/Cellar/go/1.24.3/libexec/src/net/http/server.go:3454 +0x3d8
2025/10/21 13:02:40 http: panic serving [::1]:64008: runtime error: invalid memory address or nil pointer dereference
goroutine 39 [running]:
net/http.(*conn).serve.func1()
	/opt/homebrew/Cellar/go/1.24.3/libexec/src/net/http/server.go:1947 +0xb0
panic({0x10533d200?, 0x1058c4960?})
	/opt/homebrew/Cellar/go/1.24.3/libexec/src/runtime/panic.go:792 +0x124
main.main.func2({0x1054772c0, 0x14000296620}, 0x1059a8a78?)
	/Users/abhinav/Desktop/ThreadScribe/whatsapp-bridge/main.go:289 +0x144
main.main.corsMiddleware.func7({0x1054772c0, 0x14000296620}, 0x140001bc640)
	/Users/abhinav/Desktop/ThreadScribe/whatsapp-bridge/main.go:164 +0x124
net/http.HandlerFunc.ServeHTTP(0x1058eede0?, {0x1054772c0?, 0x14000296620?}, 0x104d864e4?)
	/opt/homebrew/Cellar/go/1.24.3/libexec/src/net/http/server.go:2294 +0x38
net/http.(*ServeMux).ServeHTTP(0x140000980c0?, {0x1054772c0, 0x14000296620}, 0x140001bc640)
	/opt/homebrew/Cellar/go/1.24.3/libexec/src/net/http/server.go:2822 +0x1b4
net/http.serverHandler.ServeHTTP({0x140003ca2d0?}, {0x1054772c0?, 0x14000296620?}, 0x6?)
	/opt/homebrew/Cellar/go/1.24.3/libexec/src/net/http/server.go:3301 +0xbc
net/http.(*conn).serve(0x140001c4510, {0x105477c10, 0x140003fc660})
	/opt/homebrew/Cellar/go/1.24.3/libexec/src/net/http/server.go:2102 +0x52c
created by net/http.(*Server).Serve in goroutine 1
	/opt/homebrew/Cellar/go/1.24.3/libexec/src/net/http/server.go:3454 +0x3d8
2025/10/21 13:02:45 http: panic serving [::1]:64019: runtime error: invalid memory address or nil pointer dereference
goroutine 69 [running]:
net/http.(*conn).serve.func1()
	/opt/homebrew/Cellar/go/1.24.3/libexec/src/net/http/server.go:1947 +0xb0
panic({0x10533d200?, 0x1058c4960?})
	/opt/homebrew/Cellar/go/1.24.3/libexec/src/runtime/panic.go:792 +0x124
main.main.func2({0x1054772c0, 0x140001520e0}, 0x1059a8f30?)
	/Users/abhinav/Desktop/ThreadScribe/whatsapp-bridge/main.go:289 +0x144
main.main.corsMiddleware.func7({0x1054772c0, 0x140001520e0}, 0x14000016280)
	/Users/abhinav/Desktop/ThreadScribe/whatsapp-bridge/main.go:164 +0x124
net/http.HandlerFunc.ServeHTTP(0x1058eede0?, {0x1054772c0?, 0x140001520e0?}, 0x104d864e4?)
	/opt/homebrew/Cellar/go/1.24.3/libexec/src/net/http/server.go:2294 +0x38
net/http.(*ServeMux).ServeHTTP(0x1400012a360?, {0x1054772c0, 0x140001520e0}, 0x14000016280)
	/opt/homebrew/Cellar/go/1.24.3/libexec/src/net/http/server.go:2822 +0x1b4
net/http.serverHandler.ServeHTTP({0x140002de8a0?}, {0x1054772c0?, 0x140001520e0?}, 0x6?)
	/opt/homebrew/Cellar/go/1.24.3/libexec/src/net/http/server.go:3301 +0xbc
net/http.(*conn).serve(0x140003ff5f0, {0x105477c10, 0x140003fc660})
	/opt/homebrew/Cellar/go/1.24.3/libexec/src/net/http/server.go:2102 +0x52c
created by net/http.(*Server).Serve in goroutine 1
	/opt/homebrew/Cellar/go/1.24.3/libexec/src/net/http/server.go:3454 +0x3d8
2025/10/21 13:02:47 http: panic serving [::1]:64023: runtime error: invalid memory address or nil pointer dereference
goroutine 71 [running]:
net/http.(*conn).serve.func1()
	/opt/homebrew/Cellar/go/1.24.3/libexec/src/net/http/server.go:1947 +0xb0
panic({0x10533d200?, 0x1058c4960?})
	/opt/homebrew/Cellar/go/1.24.3/libexec/src/runtime/panic.go:792 +0x124
main.main.func2({0x1054772c0, 0x140001522a0}, 0x1059a8f30?)
	/Users/abhinav/Desktop/ThreadScribe/whatsapp-bridge/main.go:289 +0x144
main.main.corsMiddleware.func7({0x1054772c0, 0x140001522a0}, 0x140000163c0)
	/Users/abhinav/Desktop/ThreadScribe/whatsapp-bridge/main.go:164 +0x124
net/http.HandlerFunc.ServeHTTP(0x1058eede0?, {0x1054772c0?, 0x140001522a0?}, 0x104d864e4?)
	/opt/homebrew/Cellar/go/1.24.3/libexec/src/net/http/server.go:2294 +0x38
net/http.(*ServeMux).ServeHTTP(0x1400012a3c0?, {0x1054772c0, 0x140001522a0}, 0x140000163c0)
	/opt/homebrew/Cellar/go/1.24.3/libexec/src/net/http/server.go:2822 +0x1b4
net/http.serverHandler.ServeHTTP({0x140002deba0?}, {0x1054772c0?, 0x140001522a0?}, 0x6?)
	/opt/homebrew/Cellar/go/1.24.3/libexec/src/net/http/server.go:3301 +0xbc
net/http.(*conn).serve(0x140003ff710, {0x105477c10, 0x140003fc660})
	/opt/homebrew/Cellar/go/1.24.3/libexec/src/net/http/server.go:2102 +0x52c
created by net/http.(*Server).Serve in goroutine 1
	/opt/homebrew/Cellar/go/1.24.3/libexec/src/net/http/server.go:3454 +0x3d8
2025/10/21 13:02:52 http: panic serving [::1]:64027: runtime error: invalid memory address or nil pointer dereference
goroutine 73 [running]:
net/http.(*conn).serve.func1()
	/opt/homebrew/Cellar/go/1.24.3/libexec/src/net/http/server.go:1947 +0xb0
panic({0x10533d200?, 0x1058c4960?})
	/opt/homebrew/Cellar/go/1.24.3/libexec/src/runtime/panic.go:792 +0x124
main.main.func2({0x1054772c0, 0x14000152460}, 0x1059a8f30?)
	/Users/abhinav/Desktop/ThreadScribe/whatsapp-bridge/main.go:289 +0x144
main.main.corsMiddleware.func7({0x1054772c0, 0x14000152460}, 0x14000016500)
	/Users/abhinav/Desktop/ThreadScribe/whatsapp-bridge/main.go:164 +0x124
net/http.HandlerFunc.ServeHTTP(0x1058eede0?, {0x1054772c0?, 0x14000152460?}, 0x104d864e4?)
	/opt/homebrew/Cellar/go/1.24.3/libexec/src/net/http/server.go:2294 +0x38
net/http.(*ServeMux).ServeHTTP(0x1400012a400?, {0x1054772c0, 0x14000152460}, 0x14000016500)
	/opt/homebrew/Cellar/go/1.24.3/libexec/src/net/http/server.go:2822 +0x1b4
net/http.serverHandler.ServeHTTP({0x140002ded20?}, {0x1054772c0?, 0x14000152460?}, 0x6?)
	/opt/homebrew/Cellar/go/1.24.3/libexec/src/net/http/server.go:3301 +0xbc
net/http.(*conn).serve(0x140003ff830, {0x105477c10, 0x140003fc660})
	/opt/homebrew/Cellar/go/1.24.3/libexec/src/net/http/server.go:2102 +0x52c
created by net/http.(*Server).Serve in goroutine 1
	/opt/homebrew/Cellar/go/1.24.3/libexec/src/net/http/server.go:3454 +0x3d8
2025/10/21 13:02:57 http: panic serving [::1]:64034: runtime error: invalid memory address or nil pointer dereference
goroutine 75 [running]:
net/http.(*conn).serve.func1()
	/opt/homebrew/Cellar/go/1.24.3/libexec/src/net/http/server.go:1947 +0xb0
panic({0x10533d200?, 0x1058c4960?})
	/opt/homebrew/Cellar/go/1.24.3/libexec/src/runtime/panic.go:792 +0x124
main.main.func2({0x1054772c0, 0x14000152620}, 0x1059a8f30?)
	/Users/abhinav/Desktop/ThreadScribe/whatsapp-bridge/main.go:289 +0x144
main.main.corsMiddleware.func7({0x1054772c0, 0x14000152620}, 0x14000016640)
	/Users/abhinav/Desktop/ThreadScribe/whatsapp-bridge/main.go:164 +0x124
net/http.HandlerFunc.ServeHTTP(0x1058eede0?, {0x1054772c0?, 0x14000152620?}, 0x104d864e4?)
	/opt/homebrew/Cellar/go/1.24.3/libexec/src/net/http/server.go:2294 +0x38
net/http.(*ServeMux).ServeHTTP(0x1400012a4a0?, {0x1054772c0, 0x14000152620}, 0x14000016640)
	/opt/homebrew/Cellar/go/1.24.3/libexec/src/net/http/server.go:2822 +0x1b4
net/http.serverHandler.ServeHTTP({0x140002deea0?}, {0x1054772c0?, 0x14000152620?}, 0x6?)
	/opt/homebrew/Cellar/go/1.24.3/libexec/src/net/http/server.go:3301 +0xbc
net/http.(*conn).serve(0x140003ff950, {0x105477c10, 0x140003fc660})
	/opt/homebrew/Cellar/go/1.24.3/libexec/src/net/http/server.go:2102 +0x52c
created by net/http.(*Server).Serve in goroutine 1
	/opt/homebrew/Cellar/go/1.24.3/libexec/src/net/http/server.go:3454 +0x3d8
2025/10/21 13:03:02 http: panic serving [::1]:64040: runtime error: invalid memory address or nil pointer dereference
goroutine 77 [running]:
net/http.(*conn).serve.func1()
	/opt/homebrew/Cellar/go/1.24.3/libexec/src/net/http/server.go:1947 +0xb0
panic({0x10533d200?, 0x1058c4960?})
	/opt/homebrew/Cellar/go/1.24.3/libexec/src/runtime/panic.go:792 +0x124
main.main.func2({0x1054772c0, 0x140001527e0}, 0x1059a8f30?)
	/Users/abhinav/Desktop/ThreadScribe/whatsapp-bridge/main.go:289 +0x144
main.main.corsMiddleware.func7({0x1054772c0, 0x140001527e0}, 0x14000016780)
	/Users/abhinav/Desktop/ThreadScribe/whatsapp-bridge/main.go:164 +0x124
net/http.HandlerFunc.ServeHTTP(0x1058eede0?, {0x1054772c0?, 0x140001527e0?}, 0x104d864e4?)
	/opt/homebrew/Cellar/go/1.24.3/libexec/src/net/http/server.go:2294 +0x38
net/http.(*ServeMux).ServeHTTP(0x1400012a4e0?, {0x1054772c0, 0x140001527e0}, 0x14000016780)
	/opt/homebrew/Cellar/go/1.24.3/libexec/src/net/http/server.go:2822 +0x1b4
net/http.serverHandler.ServeHTTP({0x140002df020?}, {0x1054772c0?, 0x140001527e0?}, 0x6?)
	/opt/homebrew/Cellar/go/1.24.3/libexec/src/net/http/server.go:3301 +0xbc
net/http.(*conn).serve(0x140003ffa70, {0x105477c10, 0x140003fc660})
	/opt/homebrew/Cellar/go/1.24.3/libexec/src/net/http/server.go:2102 +0x52c
created by net/http.(*Server).Serve in goroutine 1
	/opt/homebrew/Cellar/go/1.24.3/libexec/src/net/http/server.go:3454 +0x3d8
2025/10/21 13:03:05 http: panic serving [::1]:64041: runtime error: invalid memory address or nil pointer dereference
goroutine 79 [running]:
net/http.(*conn).serve.func1()
	/opt/homebrew/Cellar/go/1.24.3/libexec/src/net/http/server.go:1947 +0xb0
panic({0x10533d200?, 0x1058c4960?})
	/opt/homebrew/Cellar/go/1.24.3/libexec/src/runtime/panic.go:792 +0x124
main.main.func2({0x1054772c0, 0x140001528c0}, 0x1059a8f30?)
	/Users/abhinav/Desktop/ThreadScribe/whatsapp-bridge/main.go:289 +0x144
main.main.corsMiddleware.func7({0x1054772c0, 0x140001528c0}, 0x140000168c0)
	/Users/abhinav/Desktop/ThreadScribe/whatsapp-bridge/main.go:164 +0x124
net/http.HandlerFunc.ServeHTTP(0x1058eede0?, {0x1054772c0?, 0x140001528c0?}, 0x104d864e4?)
	/opt/homebrew/Cellar/go/1.24.3/libexec/src/net/http/server.go:2294 +0x38
net/http.(*ServeMux).ServeHTTP(0x0?, {0x1054772c0, 0x140001528c0}, 0x140000168c0)
	/opt/homebrew/Cellar/go/1.24.3/libexec/src/net/http/server.go:2822 +0x1b4
net/http.serverHandler.ServeHTTP({0x140002df1a0?}, {0x1054772c0?, 0x140001528c0?}, 0x1?)
	/opt/homebrew/Cellar/go/1.24.3/libexec/src/net/http/server.go:3301 +0xbc
net/http.(*conn).serve(0x140003ffb90, {0x105477c10, 0x140003fc660})
	/opt/homebrew/Cellar/go/1.24.3/libexec/src/net/http/server.go:2102 +0x52c
created by net/http.(*Server).Serve in goroutine 1
	/opt/homebrew/Cellar/go/1.24.3/libexec/src/net/http/server.go:3454 +0x3d8
2025/10/21 13:03:07 http: panic serving [::1]:64044: runtime error: invalid memory address or nil pointer dereference
goroutine 81 [running]:
net/http.(*conn).serve.func1()
	/opt/homebrew/Cellar/go/1.24.3/libexec/src/net/http/server.go:1947 +0xb0
panic({0x10533d200?, 0x1058c4960?})
	/opt/homebrew/Cellar/go/1.24.3/libexec/src/runtime/panic.go:792 +0x124
main.main.func2({0x1054772c0, 0x14000152a80}, 0x1059a8f30?)
	/Users/abhinav/Desktop/ThreadScribe/whatsapp-bridge/main.go:289 +0x144
main.main.corsMiddleware.func7({0x1054772c0, 0x14000152a80}, 0x14000016a00)
	/Users/abhinav/Desktop/ThreadScribe/whatsapp-bridge/main.go:164 +0x124
net/http.HandlerFunc.ServeHTTP(0x1058eede0?, {0x1054772c0?, 0x14000152a80?}, 0x104d864e4?)
	/opt/homebrew/Cellar/go/1.24.3/libexec/src/net/http/server.go:2294 +0x38
net/http.(*ServeMux).ServeHTTP(0x1400012aa80?, {0x1054772c0, 0x14000152a80}, 0x14000016a00)
	/opt/homebrew/Cellar/go/1.24.3/libexec/src/net/http/server.go:2822 +0x1b4
net/http.serverHandler.ServeHTTP({0x140002df350?}, {0x1054772c0?, 0x14000152a80?}, 0x6?)
	/opt/homebrew/Cellar/go/1.24.3/libexec/src/net/http/server.go:3301 +0xbc
net/http.(*conn).serve(0x140003ffcb0, {0x105477c10, 0x140003fc660})
	/opt/homebrew/Cellar/go/1.24.3/libexec/src/net/http/server.go:2102 +0x52c
created by net/http.(*Server).Serve in goroutine 1
	/opt/homebrew/Cellar/go/1.24.3/libexec/src/net/http/server.go:3454 +0x3d8
2025/10/21 13:03:12 http: panic serving [::1]:64049: runtime error: invalid memory address or nil pointer dereference
goroutine 56 [running]:
net/http.(*conn).serve.func1()
	/opt/homebrew/Cellar/go/1.24.3/libexec/src/net/http/server.go:1947 +0xb0
panic({0x10533d200?, 0x1058c4960?})
	/opt/homebrew/Cellar/go/1.24.3/libexec/src/runtime/panic.go:792 +0x124
main.main.func2({0x1054772c0, 0x1400001a0e0}, 0x1059a85c0?)
	/Users/abhinav/Desktop/ThreadScribe/whatsapp-bridge/main.go:289 +0x144
main.main.corsMiddleware.func7({0x1054772c0, 0x1400001a0e0}, 0x1400034e000)
	/Users/abhinav/Desktop/ThreadScribe/whatsapp-bridge/main.go:164 +0x124
net/http.HandlerFunc.ServeHTTP(0x1058eede0?, {0x1054772c0?, 0x1400001a0e0?}, 0x104d864e4?)
	/opt/homebrew/Cellar/go/1.24.3/libexec/src/net/http/server.go:2294 +0x38
net/http.(*ServeMux).ServeHTTP(0x1400033c020?, {0x1054772c0, 0x1400001a0e0}, 0x1400034e000)
	/opt/homebrew/Cellar/go/1.24.3/libexec/src/net/http/server.go:2822 +0x1b4
net/http.serverHandler.ServeHTTP({0x1400030e210?}, {0x1054772c0?, 0x1400001a0e0?}, 0x6?)
	/opt/homebrew/Cellar/go/1.24.3/libexec/src/net/http/server.go:3301 +0xbc
net/http.(*conn).serve(0x1400044e000, {0x105477c10, 0x140003fc660})
	/opt/homebrew/Cellar/go/1.24.3/libexec/src/net/http/server.go:2102 +0x52c
created by net/http.(*Server).Serve in goroutine 1
	/opt/homebrew/Cellar/go/1.24.3/libexec/src/net/http/server.go:3454 +0x3d8
2025/10/21 13:03:17 http: panic serving [::1]:64056: runtime error: invalid memory address or nil pointer dereference
goroutine 58 [running]:
net/http.(*conn).serve.func1()
	/opt/homebrew/Cellar/go/1.24.3/libexec/src/net/http/server.go:1947 +0xb0
panic({0x10533d200?, 0x1058c4960?})
	/opt/homebrew/Cellar/go/1.24.3/libexec/src/runtime/panic.go:792 +0x124
main.main.func2({0x1054772c0, 0x1400001a2a0}, 0x1059a85c0?)
	/Users/abhinav/Desktop/ThreadScribe/whatsapp-bridge/main.go:289 +0x144
main.main.corsMiddleware.func7({0x1054772c0, 0x1400001a2a0}, 0x1400034e140)
	/Users/abhinav/Desktop/ThreadScribe/whatsapp-bridge/main.go:164 +0x124
net/http.HandlerFunc.ServeHTTP(0x1058eede0?, {0x1054772c0?, 0x1400001a2a0?}, 0x104d864e4?)
	/opt/homebrew/Cellar/go/1.24.3/libexec/src/net/http/server.go:2294 +0x38
net/http.(*ServeMux).ServeHTTP(0x1400033c060?, {0x1054772c0, 0x1400001a2a0}, 0x1400034e140)
	/opt/homebrew/Cellar/go/1.24.3/libexec/src/net/http/server.go:2822 +0x1b4
net/http.serverHandler.ServeHTTP({0x1400030e4b0?}, {0x1054772c0?, 0x1400001a2a0?}, 0x6?)
	/opt/homebrew/Cellar/go/1.24.3/libexec/src/net/http/server.go:3301 +0xbc
net/http.(*conn).serve(0x1400044e120, {0x105477c10, 0x140003fc660})
	/opt/homebrew/Cellar/go/1.24.3/libexec/src/net/http/server.go:2102 +0x52c
created by net/http.(*Server).Serve in goroutine 1
	/opt/homebrew/Cellar/go/1.24.3/libexec/src/net/http/server.go:3454 +0x3d8
2025/10/21 13:03:22 http: panic serving [::1]:64063: runtime error: invalid memory address or nil pointer dereference
goroutine 60 [running]:
net/http.(*conn).serve.func1()
	/opt/homebrew/Cellar/go/1.24.3/libexec/src/net/http/server.go:1947 +0xb0
panic({0x10533d200?, 0x1058c4960?})
	/opt/homebrew/Cellar/go/1.24.3/libexec/src/runtime/panic.go:792 +0x124
main.main.func2({0x1054772c0, 0x1400001a460}, 0x1059a85c0?)
	/Users/abhinav/Desktop/ThreadScribe/whatsapp-bridge/main.go:289 +0x144
main.main.corsMiddleware.func7({0x1054772c0, 0x1400001a460}, 0x1400034e280)
	/Users/abhinav/Desktop/ThreadScribe/whatsapp-bridge/main.go:164 +0x124
net/http.HandlerFunc.ServeHTTP(0x1058eede0?, {0x1054772c0?, 0x1400001a460?}, 0x104d864e4?)
	/opt/homebrew/Cellar/go/1.24.3/libexec/src/net/http/server.go:2294 +0x38
net/http.(*ServeMux).ServeHTTP(0x1400033c0a0?, {0x1054772c0, 0x1400001a460}, 0x1400034e280)
	/opt/homebrew/Cellar/go/1.24.3/libexec/src/net/http/server.go:2822 +0x1b4
net/http.serverHandler.ServeHTTP({0x1400030e660?}, {0x1054772c0?, 0x1400001a460?}, 0x6?)
	/opt/homebrew/Cellar/go/1.24.3/libexec/src/net/http/server.go:3301 +0xbc
net/http.(*conn).serve(0x1400044e360, {0x105477c10, 0x140003fc660})
	/opt/homebrew/Cellar/go/1.24.3/libexec/src/net/http/server.go:2102 +0x52c
created by net/http.(*Server).Serve in goroutine 1
	/opt/homebrew/Cellar/go/1.24.3/libexec/src/net/http/server.go:3454 +0x3d8
2025/10/21 13:03:27 http: panic serving [::1]:64068: runtime error: invalid memory address or nil pointer dereference
goroutine 62 [running]:
net/http.(*conn).serve.func1()
	/opt/homebrew/Cellar/go/1.24.3/libexec/src/net/http/server.go:1947 +0xb0
panic({0x10533d200?, 0x1058c4960?})
	/opt/homebrew/Cellar/go/1.24.3/libexec/src/runtime/panic.go:792 +0x124
main.main.func2({0x1054772c0, 0x140002967e0}, 0x1059a8a78?)
	/Users/abhinav/Desktop/ThreadScribe/whatsapp-bridge/main.go:289 +0x144
main.main.corsMiddleware.func7({0x1054772c0, 0x140002967e0}, 0x1400034e640)
	/Users/abhinav/Desktop/ThreadScribe/whatsapp-bridge/main.go:164 +0x124
net/http.HandlerFunc.ServeHTTP(0x1058eede0?, {0x1054772c0?, 0x140002967e0?}, 0x104d864e4?)
	/opt/homebrew/Cellar/go/1.24.3/libexec/src/net/http/server.go:2294 +0x38
net/http.(*ServeMux).ServeHTTP(0x140000980e0?, {0x1054772c0, 0x140002967e0}, 0x1400034e640)
	/opt/homebrew/Cellar/go/1.24.3/libexec/src/net/http/server.go:2822 +0x1b4
net/http.serverHandler.ServeHTTP({0x1400030e8d0?}, {0x1054772c0?, 0x140002967e0?}, 0x6?)
	/opt/homebrew/Cellar/go/1.24.3/libexec/src/net/http/server.go:3301 +0xbc
net/http.(*conn).serve(0x1400044e480, {0x105477c10, 0x140003fc660})
	/opt/homebrew/Cellar/go/1.24.3/libexec/src/net/http/server.go:2102 +0x52c
created by net/http.(*Server).Serve in goroutine 1
	/opt/homebrew/Cellar/go/1.24.3/libexec/src/net/http/server.go:3454 +0x3d8
2025/10/21 13:03:29 http: panic serving [::1]:64073: runtime error: invalid memory address or nil pointer dereference
goroutine 133 [running]:
net/http.(*conn).serve.func1()
	/opt/homebrew/Cellar/go/1.24.3/libexec/src/net/http/server.go:1947 +0xb0
panic({0x10533d200?, 0x1058c4960?})
	/opt/homebrew/Cellar/go/1.24.3/libexec/src/runtime/panic.go:792 +0x124
main.main.func2({0x1054772c0, 0x14000152d20}, 0x1059a8f30?)
	/Users/abhinav/Desktop/ThreadScribe/whatsapp-bridge/main.go:289 +0x144
main.main.corsMiddleware.func7({0x1054772c0, 0x14000152d20}, 0x14000016c80)
	/Users/abhinav/Desktop/ThreadScribe/whatsapp-bridge/main.go:164 +0x124
net/http.HandlerFunc.ServeHTTP(0x1058eede0?, {0x1054772c0?, 0x14000152d20?}, 0x104d864e4?)
	/opt/homebrew/Cellar/go/1.24.3/libexec/src/net/http/server.go:2294 +0x38
net/http.(*ServeMux).ServeHTTP(0x1400012adc0?, {0x1054772c0, 0x14000152d20}, 0x14000016c80)
	/opt/homebrew/Cellar/go/1.24.3/libexec/src/net/http/server.go:2822 +0x1b4
net/http.serverHandler.ServeHTTP({0x140002df680?}, {0x1054772c0?, 0x14000152d20?}, 0x6?)
	/opt/homebrew/Cellar/go/1.24.3/libexec/src/net/http/server.go:3301 +0xbc
net/http.(*conn).serve(0x140003ffef0, {0x105477c10, 0x140003fc660})
	/opt/homebrew/Cellar/go/1.24.3/libexec/src/net/http/server.go:2102 +0x52c
created by net/http.(*Server).Serve in goroutine 1
	/opt/homebrew/Cellar/go/1.24.3/libexec/src/net/http/server.go:3454 +0x3d8
2025/10/21 13:03:35 http: panic serving [::1]:64080: runtime error: invalid memory address or nil pointer dereference
goroutine 135 [running]:
net/http.(*conn).serve.func1()
	/opt/homebrew/Cellar/go/1.24.3/libexec/src/net/http/server.go:1947 +0xb0
panic({0x10533d200?, 0x1058c4960?})
	/opt/homebrew/Cellar/go/1.24.3/libexec/src/runtime/panic.go:792 +0x124
main.main.func2({0x1054772c0, 0x14000152ee0}, 0x1059a8f30?)
	/Users/abhinav/Desktop/ThreadScribe/whatsapp-bridge/main.go:289 +0x144
main.main.corsMiddleware.func7({0x1054772c0, 0x14000152ee0}, 0x14000016dc0)
	/Users/abhinav/Desktop/ThreadScribe/whatsapp-bridge/main.go:164 +0x124
net/http.HandlerFunc.ServeHTTP(0x1058eede0?, {0x1054772c0?, 0x14000152ee0?}, 0x104d864e4?)
	/opt/homebrew/Cellar/go/1.24.3/libexec/src/net/http/server.go:2294 +0x38
net/http.(*ServeMux).ServeHTTP(0x1400012ae00?, {0x1054772c0, 0x14000152ee0}, 0x14000016dc0)
	/opt/homebrew/Cellar/go/1.24.3/libexec/src/net/http/server.go:2822 +0x1b4
net/http.serverHandler.ServeHTTP({0x140002df800?}, {0x1054772c0?, 0x14000152ee0?}, 0x6?)
	/opt/homebrew/Cellar/go/1.24.3/libexec/src/net/http/server.go:3301 +0xbc
net/http.(*conn).serve(0x14000388090, {0x105477c10, 0x140003fc660})
	/opt/homebrew/Cellar/go/1.24.3/libexec/src/net/http/server.go:2102 +0x52c
created by net/http.(*Server).Serve in goroutine 1
	/opt/homebrew/Cellar/go/1.24.3/libexec/src/net/http/server.go:3454 +0x3d8
2025/10/21 13:03:39 http: panic serving [::1]:64085: runtime error: invalid memory address or nil pointer dereference
goroutine 63 [running]:
net/http.(*conn).serve.func1()
	/opt/homebrew/Cellar/go/1.24.3/libexec/src/net/http/server.go:1947 +0xb0
panic({0x10533d200?, 0x1058c4960?})
	/opt/homebrew/Cellar/go/1.24.3/libexec/src/runtime/panic.go:792 +0x124
main.main.func2({0x1054772c0, 0x1400001a620}, 0x1059a85c0?)
	/Users/abhinav/Desktop/ThreadScribe/whatsapp-bridge/main.go:289 +0x144
main.main.corsMiddleware.func7({0x1054772c0, 0x1400001a620}, 0x1400034e780)
	/Users/abhinav/Desktop/ThreadScribe/whatsapp-bridge/main.go:164 +0x124
net/http.HandlerFunc.ServeHTTP(0x1058eede0?, {0x1054772c0?, 0x1400001a620?}, 0x104d864e4?)
	/opt/homebrew/Cellar/go/1.24.3/libexec/src/net/http/server.go:2294 +0x38
net/http.(*ServeMux).ServeHTTP(0x1400033c140?, {0x1054772c0, 0x1400001a620}, 0x1400034e780)
	/opt/homebrew/Cellar/go/1.24.3/libexec/src/net/http/server.go:2822 +0x1b4
net/http.serverHandler.ServeHTTP({0x1400030e990?}, {0x1054772c0?, 0x1400001a620?}, 0x6?)
	/opt/homebrew/Cellar/go/1.24.3/libexec/src/net/http/server.go:3301 +0xbc
net/http.(*conn).serve(0x1400044e510, {0x105477c10, 0x140003fc660})
	/opt/homebrew/Cellar/go/1.24.3/libexec/src/net/http/server.go:2102 +0x52c
created by net/http.(*Server).Serve in goroutine 1
	/opt/homebrew/Cellar/go/1.24.3/libexec/src/net/http/server.go:3454 +0x3d8
2025/10/21 13:03:45 http: panic serving [::1]:64087: runtime error: invalid memory address or nil pointer dereference
goroutine 65 [running]:
net/http.(*conn).serve.func1()
	/opt/homebrew/Cellar/go/1.24.3/libexec/src/net/http/server.go:1947 +0xb0
panic({0x10533d200?, 0x1058c4960?})
	/opt/homebrew/Cellar/go/1.24.3/libexec/src/runtime/panic.go:792 +0x124
main.main.func2({0x1054772c0, 0x1400001a7e0}, 0x1059a85c0?)
	/Users/abhinav/Desktop/ThreadScribe/whatsapp-bridge/main.go:289 +0x144
main.main.corsMiddleware.func7({0x1054772c0, 0x1400001a7e0}, 0x1400034e8c0)
	/Users/abhinav/Desktop/ThreadScribe/whatsapp-bridge/main.go:164 +0x124
net/http.HandlerFunc.ServeHTTP(0x1058eede0?, {0x1054772c0?, 0x1400001a7e0?}, 0x104d864e4?)
	/opt/homebrew/Cellar/go/1.24.3/libexec/src/net/http/server.go:2294 +0x38
net/http.(*ServeMux).ServeHTTP(0x1400033c1c0?, {0x1054772c0, 0x1400001a7e0}, 0x1400034e8c0)
	/opt/homebrew/Cellar/go/1.24.3/libexec/src/net/http/server.go:2822 +0x1b4
net/http.serverHandler.ServeHTTP({0x1400030eb10?}, {0x1054772c0?, 0x1400001a7e0?}, 0x6?)
	/opt/homebrew/Cellar/go/1.24.3/libexec/src/net/http/server.go:3301 +0xbc
net/http.(*conn).serve(0x1400044e630, {0x105477c10, 0x140003fc660})
	/opt/homebrew/Cellar/go/1.24.3/libexec/src/net/http/server.go:2102 +0x52c
created by net/http.(*Server).Serve in goroutine 1
	/opt/homebrew/Cellar/go/1.24.3/libexec/src/net/http/server.go:3454 +0x3d8
2025/10/21 13:03:50 http: panic serving [::1]:64089: runtime error: invalid memory address or nil pointer dereference
goroutine 147 [running]:
net/http.(*conn).serve.func1()
	/opt/homebrew/Cellar/go/1.24.3/libexec/src/net/http/server.go:1947 +0xb0
panic({0x10533d200?, 0x1058c4960?})
	/opt/homebrew/Cellar/go/1.24.3/libexec/src/runtime/panic.go:792 +0x124
main.main.func2({0x1054772c0, 0x1400001a9a0}, 0x1059a85c0?)
	/Users/abhinav/Desktop/ThreadScribe/whatsapp-bridge/main.go:289 +0x144
main.main.corsMiddleware.func7({0x1054772c0, 0x1400001a9a0}, 0x1400034ea00)
	/Users/abhinav/Desktop/ThreadScribe/whatsapp-bridge/main.go:164 +0x124
net/http.HandlerFunc.ServeHTTP(0x1058eede0?, {0x1054772c0?, 0x1400001a9a0?}, 0x104d864e4?)
	/opt/homebrew/Cellar/go/1.24.3/libexec/src/net/http/server.go:2294 +0x38
net/http.(*ServeMux).ServeHTTP(0x1400033c240?, {0x1054772c0, 0x1400001a9a0}, 0x1400034ea00)
	/opt/homebrew/Cellar/go/1.24.3/libexec/src/net/http/server.go:2822 +0x1b4
net/http.serverHandler.ServeHTTP({0x1400030ec90?}, {0x1054772c0?, 0x1400001a9a0?}, 0x6?)
	/opt/homebrew/Cellar/go/1.24.3/libexec/src/net/http/server.go:3301 +0xbc
net/http.(*conn).serve(0x1400044e750, {0x105477c10, 0x140003fc660})
	/opt/homebrew/Cellar/go/1.24.3/libexec/src/net/http/server.go:2102 +0x52c
created by net/http.(*Server).Serve in goroutine 1
	/opt/homebrew/Cellar/go/1.24.3/libexec/src/net/http/server.go:3454 +0x3d8
2025/10/21 13:03:55 http: panic serving [::1]:64098: runtime error: invalid memory address or nil pointer dereference
goroutine 139 [running]:
net/http.(*conn).serve.func1()
	/opt/homebrew/Cellar/go/1.24.3/libexec/src/net/http/server.go:1947 +0xb0
panic({0x10533d200?, 0x1058c4960?})
	/opt/homebrew/Cellar/go/1.24.3/libexec/src/runtime/panic.go:792 +0x124
main.main.func2({0x1054772c0, 0x1400001ac40}, 0x1059a85c0?)
	/Users/abhinav/Desktop/ThreadScribe/whatsapp-bridge/main.go:289 +0x144
main.main.corsMiddleware.func7({0x1054772c0, 0x1400001ac40}, 0x14000017040)
	/Users/abhinav/Desktop/ThreadScribe/whatsapp-bridge/main.go:164 +0x124
net/http.HandlerFunc.ServeHTTP(0x1058eede0?, {0x1054772c0?, 0x1400001ac40?}, 0x104d864e4?)
	/opt/homebrew/Cellar/go/1.24.3/libexec/src/net/http/server.go:2294 +0x38
net/http.(*ServeMux).ServeHTTP(0x1400033c2c0?, {0x1054772c0, 0x1400001ac40}, 0x14000017040)
	/opt/homebrew/Cellar/go/1.24.3/libexec/src/net/http/server.go:2822 +0x1b4
net/http.serverHandler.ServeHTTP({0x140002dfb30?}, {0x1054772c0?, 0x1400001ac40?}, 0x6?)
	/opt/homebrew/Cellar/go/1.24.3/libexec/src/net/http/server.go:3301 +0xbc
net/http.(*conn).serve(0x140003eefc0, {0x105477c10, 0x140003fc660})
	/opt/homebrew/Cellar/go/1.24.3/libexec/src/net/http/server.go:2102 +0x52c
created by net/http.(*Server).Serve in goroutine 1
	/opt/homebrew/Cellar/go/1.24.3/libexec/src/net/http/server.go:3454 +0x3d8
2025/10/21 13:03:59 http: panic serving [::1]:64105: runtime error: invalid memory address or nil pointer dereference
goroutine 152 [running]:
net/http.(*conn).serve.func1()
	/opt/homebrew/Cellar/go/1.24.3/libexec/src/net/http/server.go:1947 +0xb0
panic({0x10533d200?, 0x1058c4960?})
	/opt/homebrew/Cellar/go/1.24.3/libexec/src/runtime/panic.go:792 +0x124
main.main.func2({0x1054772c0, 0x1400001ae00}, 0x1059a85c0?)
	/Users/abhinav/Desktop/ThreadScribe/whatsapp-bridge/main.go:289 +0x144
main.main.corsMiddleware.func7({0x1054772c0, 0x1400001ae00}, 0x1400034ec80)
	/Users/abhinav/Desktop/ThreadScribe/whatsapp-bridge/main.go:164 +0x124
net/http.HandlerFunc.ServeHTTP(0x1058eede0?, {0x1054772c0?, 0x1400001ae00?}, 0x104d864e4?)
	/opt/homebrew/Cellar/go/1.24.3/libexec/src/net/http/server.go:2294 +0x38
net/http.(*ServeMux).ServeHTTP(0x1400033c340?, {0x1054772c0, 0x1400001ae00}, 0x1400034ec80)
	/opt/homebrew/Cellar/go/1.24.3/libexec/src/net/http/server.go:2822 +0x1b4
net/http.serverHandler.ServeHTTP({0x1400030f140?}, {0x1054772c0?, 0x1400001ae00?}, 0x6?)
	/opt/homebrew/Cellar/go/1.24.3/libexec/src/net/http/server.go:3301 +0xbc
net/http.(*conn).serve(0x1400044ea20, {0x105477c10, 0x140003fc660})
	/opt/homebrew/Cellar/go/1.24.3/libexec/src/net/http/server.go:2102 +0x52c
created by net/http.(*Server).Serve in goroutine 1
	/opt/homebrew/Cellar/go/1.24.3/libexec/src/net/http/server.go:3454 +0x3d8
2025/10/21 13:04:05 http: panic serving [::1]:64111: runtime error: invalid memory address or nil pointer dereference
goroutine 42 [running]:
net/http.(*conn).serve.func1()
	/opt/homebrew/Cellar/go/1.24.3/libexec/src/net/http/server.go:1947 +0xb0
panic({0x10533d200?, 0x1058c4960?})
	/opt/homebrew/Cellar/go/1.24.3/libexec/src/runtime/panic.go:792 +0x124
main.main.func2({0x1054772c0, 0x140002969a0}, 0x1059a8a78?)
	/Users/abhinav/Desktop/ThreadScribe/whatsapp-bridge/main.go:289 +0x144
main.main.corsMiddleware.func7({0x1054772c0, 0x140002969a0}, 0x140001bc8c0)
	/Users/abhinav/Desktop/ThreadScribe/whatsapp-bridge/main.go:164 +0x124
net/http.HandlerFunc.ServeHTTP(0x1058eede0?, {0x1054772c0?, 0x140002969a0?}, 0x104d864e4?)
	/opt/homebrew/Cellar/go/1.24.3/libexec/src/net/http/server.go:2294 +0x38
net/http.(*ServeMux).ServeHTTP(0x14000098120?, {0x1054772c0, 0x140002969a0}, 0x140001bc8c0)
	/opt/homebrew/Cellar/go/1.24.3/libexec/src/net/http/server.go:2822 +0x1b4
net/http.serverHandler.ServeHTTP({0x140003ca6c0?}, {0x1054772c0?, 0x140002969a0?}, 0x6?)
	/opt/homebrew/Cellar/go/1.24.3/libexec/src/net/http/server.go:3301 +0xbc
net/http.(*conn).serve(0x140001c46c0, {0x105477c10, 0x140003fc660})
	/opt/homebrew/Cellar/go/1.24.3/libexec/src/net/http/server.go:2102 +0x52c
created by net/http.(*Server).Serve in goroutine 1
	/opt/homebrew/Cellar/go/1.24.3/libexec/src/net/http/server.go:3454 +0x3d8
2025/10/21 13:04:10 http: panic serving [::1]:64112: runtime error: invalid memory address or nil pointer dereference
goroutine 44 [running]:
net/http.(*conn).serve.func1()
	/opt/homebrew/Cellar/go/1.24.3/libexec/src/net/http/server.go:1947 +0xb0
panic({0x10533d200?, 0x1058c4960?})
	/opt/homebrew/Cellar/go/1.24.3/libexec/src/runtime/panic.go:792 +0x124
main.main.func2({0x1054772c0, 0x14000296b60}, 0x1059a8a78?)
	/Users/abhinav/Desktop/ThreadScribe/whatsapp-bridge/main.go:289 +0x144
main.main.corsMiddleware.func7({0x1054772c0, 0x14000296b60}, 0x140001bca00)
	/Users/abhinav/Desktop/ThreadScribe/whatsapp-bridge/main.go:164 +0x124
net/http.HandlerFunc.ServeHTTP(0x1058eede0?, {0x1054772c0?, 0x14000296b60?}, 0x104d864e4?)
	/opt/homebrew/Cellar/go/1.24.3/libexec/src/net/http/server.go:2294 +0x38
net/http.(*ServeMux).ServeHTTP(0x14000098160?, {0x1054772c0, 0x14000296b60}, 0x140001bca00)
	/opt/homebrew/Cellar/go/1.24.3/libexec/src/net/http/server.go:2822 +0x1b4
net/http.serverHandler.ServeHTTP({0x140003ca930?}, {0x1054772c0?, 0x14000296b60?}, 0x6?)
	/opt/homebrew/Cellar/go/1.24.3/libexec/src/net/http/server.go:3301 +0xbc
net/http.(*conn).serve(0x140001c47e0, {0x105477c10, 0x140003fc660})
	/opt/homebrew/Cellar/go/1.24.3/libexec/src/net/http/server.go:2102 +0x52c
created by net/http.(*Server).Serve in goroutine 1
	/opt/homebrew/Cellar/go/1.24.3/libexec/src/net/http/server.go:3454 +0x3d8
2025/10/21 13:04:15 http: panic serving [::1]:64118: runtime error: invalid memory address or nil pointer dereference
goroutine 46 [running]:
net/http.(*conn).serve.func1()
	/opt/homebrew/Cellar/go/1.24.3/libexec/src/net/http/server.go:1947 +0xb0
panic({0x10533d200?, 0x1058c4960?})
	/opt/homebrew/Cellar/go/1.24.3/libexec/src/runtime/panic.go:792 +0x124
main.main.func2({0x1054772c0, 0x14000296d20}, 0x1059a8a78?)
	/Users/abhinav/Desktop/ThreadScribe/whatsapp-bridge/main.go:289 +0x144
main.main.corsMiddleware.func7({0x1054772c0, 0x14000296d20}, 0x140001bcb40)
	/Users/abhinav/Desktop/ThreadScribe/whatsapp-bridge/main.go:164 +0x124
net/http.HandlerFunc.ServeHTTP(0x1058eede0?, {0x1054772c0?, 0x14000296d20?}, 0x104d864e4?)
	/opt/homebrew/Cellar/go/1.24.3/libexec/src/net/http/server.go:2294 +0x38
net/http.(*ServeMux).ServeHTTP(0x140000981a0?, {0x1054772c0, 0x14000296d20}, 0x140001bcb40)
	/opt/homebrew/Cellar/go/1.24.3/libexec/src/net/http/server.go:2822 +0x1b4
net/http.serverHandler.ServeHTTP({0x140003cac60?}, {0x1054772c0?, 0x14000296d20?}, 0x6?)
	/opt/homebrew/Cellar/go/1.24.3/libexec/src/net/http/server.go:3301 +0xbc
net/http.(*conn).serve(0x140001c4900, {0x105477c10, 0x140003fc660})
	/opt/homebrew/Cellar/go/1.24.3/libexec/src/net/http/server.go:2102 +0x52c
created by net/http.(*Server).Serve in goroutine 1
	/opt/homebrew/Cellar/go/1.24.3/libexec/src/net/http/server.go:3454 +0x3d8
2025/10/21 13:04:20 http: panic serving [::1]:64122: runtime error: invalid memory address or nil pointer dereference
goroutine 48 [running]:
net/http.(*conn).serve.func1()
	/opt/homebrew/Cellar/go/1.24.3/libexec/src/net/http/server.go:1947 +0xb0
panic({0x10533d200?, 0x1058c4960?})
	/opt/homebrew/Cellar/go/1.24.3/libexec/src/runtime/panic.go:792 +0x124
main.main.func2({0x1054772c0, 0x14000296ee0}, 0x1059a8a78?)
	/Users/abhinav/Desktop/ThreadScribe/whatsapp-bridge/main.go:289 +0x144
main.main.corsMiddleware.func7({0x1054772c0, 0x14000296ee0}, 0x140001bcc80)
	/Users/abhinav/Desktop/ThreadScribe/whatsapp-bridge/main.go:164 +0x124
net/http.HandlerFunc.ServeHTTP(0x1058eede0?, {0x1054772c0?, 0x14000296ee0?}, 0x104d864e4?)
	/opt/homebrew/Cellar/go/1.24.3/libexec/src/net/http/server.go:2294 +0x38
net/http.(*ServeMux).ServeHTTP(0x140000981e0?, {0x1054772c0, 0x14000296ee0}, 0x140001bcc80)
	/opt/homebrew/Cellar/go/1.24.3/libexec/src/net/http/server.go:2822 +0x1b4
net/http.serverHandler.ServeHTTP({0x140003cae10?}, {0x1054772c0?, 0x14000296ee0?}, 0x6?)
	/opt/homebrew/Cellar/go/1.24.3/libexec/src/net/http/server.go:3301 +0xbc
net/http.(*conn).serve(0x140001c4a20, {0x105477c10, 0x140003fc660})
	/opt/homebrew/Cellar/go/1.24.3/libexec/src/net/http/server.go:2102 +0x52c
created by net/http.(*Server).Serve in goroutine 1
	/opt/homebrew/Cellar/go/1.24.3/libexec/src/net/http/server.go:3454 +0x3d8
2025/10/21 13:04:23 http: panic serving [::1]:64129: runtime error: invalid memory address or nil pointer dereference
goroutine 162 [running]:
net/http.(*conn).serve.func1()
	/opt/homebrew/Cellar/go/1.24.3/libexec/src/net/http/server.go:1947 +0xb0
panic({0x10533d200?, 0x1058c4960?})
	/opt/homebrew/Cellar/go/1.24.3/libexec/src/runtime/panic.go:792 +0x124
main.main.func2({0x1054772c0, 0x140002970a0}, 0x1059a8a78?)
	/Users/abhinav/Desktop/ThreadScribe/whatsapp-bridge/main.go:289 +0x144
main.main.corsMiddleware.func7({0x1054772c0, 0x140002970a0}, 0x140001bcdc0)
	/Users/abhinav/Desktop/ThreadScribe/whatsapp-bridge/main.go:164 +0x124
net/http.HandlerFunc.ServeHTTP(0x1058eede0?, {0x1054772c0?, 0x140002970a0?}, 0x104d864e4?)
	/opt/homebrew/Cellar/go/1.24.3/libexec/src/net/http/server.go:2294 +0x38
net/http.(*ServeMux).ServeHTTP(0x14000098220?, {0x1054772c0, 0x140002970a0}, 0x140001bcdc0)
	/opt/homebrew/Cellar/go/1.24.3/libexec/src/net/http/server.go:2822 +0x1b4
net/http.serverHandler.ServeHTTP({0x140003cb830?}, {0x1054772c0?, 0x140002970a0?}, 0x6?)
	/opt/homebrew/Cellar/go/1.24.3/libexec/src/net/http/server.go:3301 +0xbc
net/http.(*conn).serve(0x140001c4b40, {0x105477c10, 0x140003fc660})
	/opt/homebrew/Cellar/go/1.24.3/libexec/src/net/http/server.go:2102 +0x52c
created by net/http.(*Server).Serve in goroutine 1
	/opt/homebrew/Cellar/go/1.24.3/libexec/src/net/http/server.go:3454 +0x3d8
2025/10/21 13:04:29 http: panic serving [::1]:64138: runtime error: invalid memory address or nil pointer dereference
goroutine 164 [running]:
net/http.(*conn).serve.func1()
	/opt/homebrew/Cellar/go/1.24.3/libexec/src/net/http/server.go:1947 +0xb0
panic({0x10533d200?, 0x1058c4960?})
	/opt/homebrew/Cellar/go/1.24.3/libexec/src/runtime/panic.go:792 +0x124
main.main.func2({0x1054772c0, 0x14000297260}, 0x1059a8a78?)
	/Users/abhinav/Desktop/ThreadScribe/whatsapp-bridge/main.go:289 +0x144
main.main.corsMiddleware.func7({0x1054772c0, 0x14000297260}, 0x140001bcf00)
	/Users/abhinav/Desktop/ThreadScribe/whatsapp-bridge/main.go:164 +0x124
net/http.HandlerFunc.ServeHTTP(0x1058eede0?, {0x1054772c0?, 0x14000297260?}, 0x104d864e4?)
	/opt/homebrew/Cellar/go/1.24.3/libexec/src/net/http/server.go:2294 +0x38
net/http.(*ServeMux).ServeHTTP(0x14000098260?, {0x1054772c0, 0x14000297260}, 0x140001bcf00)
	/opt/homebrew/Cellar/go/1.24.3/libexec/src/net/http/server.go:2822 +0x1b4
net/http.serverHandler.ServeHTTP({0x140003cb9e0?}, {0x1054772c0?, 0x14000297260?}, 0x6?)
	/opt/homebrew/Cellar/go/1.24.3/libexec/src/net/http/server.go:3301 +0xbc
net/http.(*conn).serve(0x140001c4c60, {0x105477c10, 0x140003fc660})
	/opt/homebrew/Cellar/go/1.24.3/libexec/src/net/http/server.go:2102 +0x52c
created by net/http.(*Server).Serve in goroutine 1
	/opt/homebrew/Cellar/go/1.24.3/libexec/src/net/http/server.go:3454 +0x3d8
2025/10/21 13:04:34 http: panic serving [::1]:64141: runtime error: invalid memory address or nil pointer dereference
goroutine 117 [running]:
net/http.(*conn).serve.func1()
	/opt/homebrew/Cellar/go/1.24.3/libexec/src/net/http/server.go:1947 +0xb0
panic({0x10533d200?, 0x1058c4960?})
	/opt/homebrew/Cellar/go/1.24.3/libexec/src/runtime/panic.go:792 +0x124
main.main.func2({0x1054772c0, 0x140002962a0}, 0x1059a8108?)
	/Users/abhinav/Desktop/ThreadScribe/whatsapp-bridge/main.go:289 +0x144
main.main.corsMiddleware.func7({0x1054772c0, 0x140002962a0}, 0x140001bc640)
	/Users/abhinav/Desktop/ThreadScribe/whatsapp-bridge/main.go:164 +0x124
net/http.HandlerFunc.ServeHTTP(0x1058eede0?, {0x1054772c0?, 0x140002962a0?}, 0x104d864e4?)
	/opt/homebrew/Cellar/go/1.24.3/libexec/src/net/http/server.go:2294 +0x38
net/http.(*ServeMux).ServeHTTP(0x140000980a0?, {0x1054772c0, 0x140002962a0}, 0x140001bc640)
	/opt/homebrew/Cellar/go/1.24.3/libexec/src/net/http/server.go:2822 +0x1b4
net/http.serverHandler.ServeHTTP({0x140003ca090?}, {0x1054772c0?, 0x140002962a0?}, 0x6?)
	/opt/homebrew/Cellar/go/1.24.3/libexec/src/net/http/server.go:3301 +0xbc
net/http.(*conn).serve(0x140001c43f0, {0x105477c10, 0x140003fc660})
	/opt/homebrew/Cellar/go/1.24.3/libexec/src/net/http/server.go:2102 +0x52c
created by net/http.(*Server).Serve in goroutine 1
	/opt/homebrew/Cellar/go/1.24.3/libexec/src/net/http/server.go:3454 +0x3d8
2025/10/21 13:04:34 http: panic serving [::1]:64143: runtime error: invalid memory address or nil pointer dereference
goroutine 119 [running]:
net/http.(*conn).serve.func1()
	/opt/homebrew/Cellar/go/1.24.3/libexec/src/net/http/server.go:1947 +0xb0
panic({0x10533d200?, 0x1058c4960?})
	/opt/homebrew/Cellar/go/1.24.3/libexec/src/runtime/panic.go:792 +0x124
main.main.func2({0x1054772c0, 0x14000296380}, 0x1059a8108?)
	/Users/abhinav/Desktop/ThreadScribe/whatsapp-bridge/main.go:289 +0x144
main.main.corsMiddleware.func7({0x1054772c0, 0x14000296380}, 0x140001bc8c0)
	/Users/abhinav/Desktop/ThreadScribe/whatsapp-bridge/main.go:164 +0x124
net/http.HandlerFunc.ServeHTTP(0x1058eede0?, {0x1054772c0?, 0x14000296380?}, 0x104d864e4?)
	/opt/homebrew/Cellar/go/1.24.3/libexec/src/net/http/server.go:2294 +0x38
net/http.(*ServeMux).ServeHTTP(0x0?, {0x1054772c0, 0x14000296380}, 0x140001bc8c0)
	/opt/homebrew/Cellar/go/1.24.3/libexec/src/net/http/server.go:2822 +0x1b4
net/http.serverHandler.ServeHTTP({0x140003ca390?}, {0x1054772c0?, 0x14000296380?}, 0x1?)
	/opt/homebrew/Cellar/go/1.24.3/libexec/src/net/http/server.go:3301 +0xbc
net/http.(*conn).serve(0x140001c45a0, {0x105477c10, 0x140003fc660})
	/opt/homebrew/Cellar/go/1.24.3/libexec/src/net/http/server.go:2102 +0x52c
created by net/http.(*Server).Serve in goroutine 1
	/opt/homebrew/Cellar/go/1.24.3/libexec/src/net/http/server.go:3454 +0x3d8
2025/10/21 13:04:39 http: panic serving [::1]:64149: runtime error: invalid memory address or nil pointer dereference
goroutine 121 [running]:
net/http.(*conn).serve.func1()
	/opt/homebrew/Cellar/go/1.24.3/libexec/src/net/http/server.go:1947 +0xb0
panic({0x10533d200?, 0x1058c4960?})
	/opt/homebrew/Cellar/go/1.24.3/libexec/src/runtime/panic.go:792 +0x124
main.main.func2({0x1054772c0, 0x14000296540}, 0x1059a8108?)
	/Users/abhinav/Desktop/ThreadScribe/whatsapp-bridge/main.go:289 +0x144
main.main.corsMiddleware.func7({0x1054772c0, 0x14000296540}, 0x140001bca00)
	/Users/abhinav/Desktop/ThreadScribe/whatsapp-bridge/main.go:164 +0x124
net/http.HandlerFunc.ServeHTTP(0x1058eede0?, {0x1054772c0?, 0x14000296540?}, 0x104d864e4?)
	/opt/homebrew/Cellar/go/1.24.3/libexec/src/net/http/server.go:2294 +0x38
net/http.(*ServeMux).ServeHTTP(0x14000098100?, {0x1054772c0, 0x14000296540}, 0x140001bca00)
	/opt/homebrew/Cellar/go/1.24.3/libexec/src/net/http/server.go:2822 +0x1b4
net/http.serverHandler.ServeHTTP({0x140003ca6f0?}, {0x1054772c0?, 0x14000296540?}, 0x6?)
	/opt/homebrew/Cellar/go/1.24.3/libexec/src/net/http/server.go:3301 +0xbc
net/http.(*conn).serve(0x140001c46c0, {0x105477c10, 0x140003fc660})
	/opt/homebrew/Cellar/go/1.24.3/libexec/src/net/http/server.go:2102 +0x52c
created by net/http.(*Server).Serve in goroutine 1
	/opt/homebrew/Cellar/go/1.24.3/libexec/src/net/http/server.go:3454 +0x3d8
